0 info it worked if it ends with ok
1 verbose cli [ '/usr/local/bin/node',
1 verbose cli   '/usr/local/bin/npm',
1 verbose cli   'install',
1 verbose cli   'system-idle-time' ]
2 info using npm@3.10.8
3 info using node@v7.0.0
4 silly loadCurrentTree Starting
5 silly install loadCurrentTree
6 silly install readLocalPackageData
7 silly fetchPackageMetaData system-idle-time
8 silly fetchNamedPackageData system-idle-time
9 silly mapToRegistry name system-idle-time
10 silly mapToRegistry using default registry
11 silly mapToRegistry registry https://registry.npmjs.org/
12 silly mapToRegistry data Result {
12 silly mapToRegistry   raw: 'system-idle-time',
12 silly mapToRegistry   scope: null,
12 silly mapToRegistry   escapedName: 'system-idle-time',
12 silly mapToRegistry   name: 'system-idle-time',
12 silly mapToRegistry   rawSpec: '',
12 silly mapToRegistry   spec: 'latest',
12 silly mapToRegistry   type: 'tag' }
13 silly mapToRegistry uri https://registry.npmjs.org/system-idle-time
14 verbose request uri https://registry.npmjs.org/system-idle-time
15 verbose request no auth needed
16 info attempt registry request try #1 at 10:02:29 PM
17 verbose request id ad90851c1d4779e4
18 verbose etag W/"554be24e-1723"
19 verbose lastModified Thu, 07 May 2015 22:08:14 GMT
20 http request GET https://registry.npmjs.org/system-idle-time
21 http 304 https://registry.npmjs.org/system-idle-time
22 verbose headers { date: 'Sat, 19 Nov 2016 03:02:29 GMT',
22 verbose headers   via: '1.1 varnish',
22 verbose headers   'cache-control': 'max-age=300',
22 verbose headers   etag: 'W/"554be24e-1723"',
22 verbose headers   age: '0',
22 verbose headers   connection: 'keep-alive',
22 verbose headers   'x-served-by': 'cache-jfk8121-JFK',
22 verbose headers   'x-cache': 'HIT',
22 verbose headers   'x-cache-hits': '1',
22 verbose headers   'x-timer': 'S1479524549.283048,VS0,VE7',
22 verbose headers   vary: 'Accept-Encoding' }
23 silly get cb [ 304,
23 silly get   { date: 'Sat, 19 Nov 2016 03:02:29 GMT',
23 silly get     via: '1.1 varnish',
23 silly get     'cache-control': 'max-age=300',
23 silly get     etag: 'W/"554be24e-1723"',
23 silly get     age: '0',
23 silly get     connection: 'keep-alive',
23 silly get     'x-served-by': 'cache-jfk8121-JFK',
23 silly get     'x-cache': 'HIT',
23 silly get     'x-cache-hits': '1',
23 silly get     'x-timer': 'S1479524549.283048,VS0,VE7',
23 silly get     vary: 'Accept-Encoding' } ]
24 verbose etag https://registry.npmjs.org/system-idle-time from cache
25 verbose get saving system-idle-time to /Users/David/.npm/registry.npmjs.org/system-idle-time/.cache.json
26 verbose correctMkdir /Users/David/.npm correctMkdir not in flight; initializing
27 silly install normalizeTree
28 silly loadCurrentTree Finishing
29 silly loadIdealTree Starting
30 silly install loadIdealTree
31 silly cloneCurrentTree Starting
32 silly install cloneCurrentTreeToIdealTree
33 silly cloneCurrentTree Finishing
34 silly loadShrinkwrap Starting
35 silly install loadShrinkwrap
36 silly loadShrinkwrap Finishing
37 silly loadAllDepsIntoIdealTree Starting
38 silly install loadAllDepsIntoIdealTree
39 silly resolveWithNewModule system-idle-time@0.1.4 checking installable status
40 silly cache add args [ 'system-idle-time', null ]
41 verbose cache add spec system-idle-time
42 silly cache add parsed spec Result {
42 silly cache add   raw: 'system-idle-time',
42 silly cache add   scope: null,
42 silly cache add   escapedName: 'system-idle-time',
42 silly cache add   name: 'system-idle-time',
42 silly cache add   rawSpec: '',
42 silly cache add   spec: 'latest',
42 silly cache add   type: 'tag' }
43 silly addNamed system-idle-time@latest
44 verbose addNamed "latest" is being treated as a dist-tag for system-idle-time
45 info addNameTag [ 'system-idle-time', 'latest' ]
46 silly mapToRegistry name system-idle-time
47 silly mapToRegistry using default registry
48 silly mapToRegistry registry https://registry.npmjs.org/
49 silly mapToRegistry data Result {
49 silly mapToRegistry   raw: 'system-idle-time',
49 silly mapToRegistry   scope: null,
49 silly mapToRegistry   escapedName: 'system-idle-time',
49 silly mapToRegistry   name: 'system-idle-time',
49 silly mapToRegistry   rawSpec: '',
49 silly mapToRegistry   spec: 'latest',
49 silly mapToRegistry   type: 'tag' }
50 silly mapToRegistry uri https://registry.npmjs.org/system-idle-time
51 verbose addNameTag registry:https://registry.npmjs.org/system-idle-time not in flight; fetching
52 verbose get https://registry.npmjs.org/system-idle-time not expired, no request
53 silly addNameTag next cb for system-idle-time with tag latest
54 silly addNamed system-idle-time@0.1.4
55 verbose addNamed "0.1.4" is a plain semver version for system-idle-time
56 silly cache afterAdd system-idle-time@0.1.4
57 verbose afterAdd /Users/David/.npm/system-idle-time/0.1.4/package/package.json not in flight; writing
58 verbose correctMkdir /Users/David/.npm correctMkdir not in flight; initializing
59 verbose afterAdd /Users/David/.npm/system-idle-time/0.1.4/package/package.json written
60 silly fetchNamedPackageData nan
61 silly mapToRegistry name nan
62 silly mapToRegistry using default registry
63 silly mapToRegistry registry https://registry.npmjs.org/
64 silly mapToRegistry data Result {
64 silly mapToRegistry   raw: 'nan',
64 silly mapToRegistry   scope: null,
64 silly mapToRegistry   escapedName: 'nan',
64 silly mapToRegistry   name: 'nan',
64 silly mapToRegistry   rawSpec: '',
64 silly mapToRegistry   spec: 'latest',
64 silly mapToRegistry   type: 'tag' }
65 silly mapToRegistry uri https://registry.npmjs.org/nan
66 silly fetchNamedPackageData bindings
67 silly mapToRegistry name bindings
68 silly mapToRegistry using default registry
69 silly mapToRegistry registry https://registry.npmjs.org/
70 silly mapToRegistry data Result {
70 silly mapToRegistry   raw: 'bindings',
70 silly mapToRegistry   scope: null,
70 silly mapToRegistry   escapedName: 'bindings',
70 silly mapToRegistry   name: 'bindings',
70 silly mapToRegistry   rawSpec: '',
70 silly mapToRegistry   spec: 'latest',
70 silly mapToRegistry   type: 'tag' }
71 silly mapToRegistry uri https://registry.npmjs.org/bindings
72 verbose request uri https://registry.npmjs.org/bindings
73 verbose request no auth needed
74 info attempt registry request try #1 at 10:02:29 PM
75 verbose etag W/"580645d3-46f7"
76 verbose lastModified Tue, 18 Oct 2016 15:54:59 GMT
77 http request GET https://registry.npmjs.org/bindings
78 verbose request uri https://registry.npmjs.org/nan
79 verbose request no auth needed
80 info attempt registry request try #1 at 10:02:29 PM
81 verbose etag W/"5818d749-1ce1e"
82 verbose lastModified Tue, 01 Nov 2016 17:56:25 GMT
83 http request GET https://registry.npmjs.org/nan
84 http 304 https://registry.npmjs.org/bindings
85 verbose headers { date: 'Sat, 19 Nov 2016 03:02:29 GMT',
85 verbose headers   via: '1.1 varnish',
85 verbose headers   'cache-control': 'max-age=300',
85 verbose headers   etag: 'W/"580645d3-46f7"',
85 verbose headers   age: '108',
85 verbose headers   connection: 'keep-alive',
85 verbose headers   'x-served-by': 'cache-jfk8121-JFK',
85 verbose headers   'x-cache': 'HIT',
85 verbose headers   'x-cache-hits': '1',
85 verbose headers   'x-timer': 'S1479524549.597948,VS0,VE0',
85 verbose headers   vary: 'Accept-Encoding' }
86 silly get cb [ 304,
86 silly get   { date: 'Sat, 19 Nov 2016 03:02:29 GMT',
86 silly get     via: '1.1 varnish',
86 silly get     'cache-control': 'max-age=300',
86 silly get     etag: 'W/"580645d3-46f7"',
86 silly get     age: '108',
86 silly get     connection: 'keep-alive',
86 silly get     'x-served-by': 'cache-jfk8121-JFK',
86 silly get     'x-cache': 'HIT',
86 silly get     'x-cache-hits': '1',
86 silly get     'x-timer': 'S1479524549.597948,VS0,VE0',
86 silly get     vary: 'Accept-Encoding' } ]
87 verbose etag https://registry.npmjs.org/bindings from cache
88 verbose get saving bindings to /Users/David/.npm/registry.npmjs.org/bindings/.cache.json
89 verbose correctMkdir /Users/David/.npm correctMkdir not in flight; initializing
90 silly resolveWithNewModule bindings@1.2.1 checking installable status
91 silly cache add args [ 'bindings@~1.2.1', null ]
92 verbose cache add spec bindings@~1.2.1
93 silly cache add parsed spec Result {
93 silly cache add   raw: 'bindings@~1.2.1',
93 silly cache add   scope: null,
93 silly cache add   escapedName: 'bindings',
93 silly cache add   name: 'bindings',
93 silly cache add   rawSpec: '~1.2.1',
93 silly cache add   spec: '>=1.2.1 <1.3.0',
93 silly cache add   type: 'range' }
94 silly addNamed bindings@>=1.2.1 <1.3.0
95 verbose addNamed ">=1.2.1 <1.3.0" is a valid semver range for bindings
96 silly addNameRange { name: 'bindings', range: '>=1.2.1 <1.3.0', hasData: false }
97 silly mapToRegistry name bindings
98 silly mapToRegistry using default registry
99 silly mapToRegistry registry https://registry.npmjs.org/
100 silly mapToRegistry data Result {
100 silly mapToRegistry   raw: 'bindings',
100 silly mapToRegistry   scope: null,
100 silly mapToRegistry   escapedName: 'bindings',
100 silly mapToRegistry   name: 'bindings',
100 silly mapToRegistry   rawSpec: '',
100 silly mapToRegistry   spec: 'latest',
100 silly mapToRegistry   type: 'tag' }
101 silly mapToRegistry uri https://registry.npmjs.org/bindings
102 verbose addNameRange registry:https://registry.npmjs.org/bindings not in flight; fetching
103 verbose get https://registry.npmjs.org/bindings not expired, no request
104 silly addNameRange number 2 { name: 'bindings', range: '>=1.2.1 <1.3.0', hasData: true }
105 silly addNameRange versions [ 'bindings',
105 silly addNameRange   [ '0.0.1',
105 silly addNameRange     '0.1.0',
105 silly addNameRange     '0.1.1',
105 silly addNameRange     '0.2.0',
105 silly addNameRange     '0.2.1',
105 silly addNameRange     '0.2.2',
105 silly addNameRange     '0.2.3',
105 silly addNameRange     '0.2.4',
105 silly addNameRange     '0.3.0',
105 silly addNameRange     '0.4.0',
105 silly addNameRange     '1.0.0',
105 silly addNameRange     '1.1.0',
105 silly addNameRange     '1.1.1',
105 silly addNameRange     '1.2.0',
105 silly addNameRange     '1.2.1' ] ]
106 silly addNamed bindings@1.2.1
107 verbose addNamed "1.2.1" is a plain semver version for bindings
108 silly cache afterAdd bindings@1.2.1
109 verbose afterAdd /Users/David/.npm/bindings/1.2.1/package/package.json not in flight; writing
110 verbose correctMkdir /Users/David/.npm correctMkdir not in flight; initializing
111 verbose afterAdd /Users/David/.npm/bindings/1.2.1/package/package.json written
112 http 304 https://registry.npmjs.org/nan
113 verbose headers { date: 'Sat, 19 Nov 2016 03:02:29 GMT',
113 verbose headers   via: '1.1 varnish',
113 verbose headers   'cache-control': 'max-age=300',
113 verbose headers   etag: 'W/"5818d749-1ce1e"',
113 verbose headers   age: '0',
113 verbose headers   connection: 'keep-alive',
113 verbose headers   'x-served-by': 'cache-jfk8128-JFK',
113 verbose headers   'x-cache': 'HIT',
113 verbose headers   'x-cache-hits': '1',
113 verbose headers   'x-timer': 'S1479524549.683317,VS0,VE6',
113 verbose headers   vary: 'Accept-Encoding' }
114 silly get cb [ 304,
114 silly get   { date: 'Sat, 19 Nov 2016 03:02:29 GMT',
114 silly get     via: '1.1 varnish',
114 silly get     'cache-control': 'max-age=300',
114 silly get     etag: 'W/"5818d749-1ce1e"',
114 silly get     age: '0',
114 silly get     connection: 'keep-alive',
114 silly get     'x-served-by': 'cache-jfk8128-JFK',
114 silly get     'x-cache': 'HIT',
114 silly get     'x-cache-hits': '1',
114 silly get     'x-timer': 'S1479524549.683317,VS0,VE6',
114 silly get     vary: 'Accept-Encoding' } ]
115 verbose etag https://registry.npmjs.org/nan from cache
116 verbose get saving nan to /Users/David/.npm/registry.npmjs.org/nan/.cache.json
117 verbose correctMkdir /Users/David/.npm correctMkdir not in flight; initializing
118 silly resolveWithNewModule nan@1.9.0 checking installable status
119 silly cache add args [ 'nan@^1.8.4', null ]
120 verbose cache add spec nan@^1.8.4
121 silly cache add parsed spec Result {
121 silly cache add   raw: 'nan@^1.8.4',
121 silly cache add   scope: null,
121 silly cache add   escapedName: 'nan',
121 silly cache add   name: 'nan',
121 silly cache add   rawSpec: '^1.8.4',
121 silly cache add   spec: '>=1.8.4 <2.0.0',
121 silly cache add   type: 'range' }
122 silly addNamed nan@>=1.8.4 <2.0.0
123 verbose addNamed ">=1.8.4 <2.0.0" is a valid semver range for nan
124 silly addNameRange { name: 'nan', range: '>=1.8.4 <2.0.0', hasData: false }
125 silly mapToRegistry name nan
126 silly mapToRegistry using default registry
127 silly mapToRegistry registry https://registry.npmjs.org/
128 silly mapToRegistry data Result {
128 silly mapToRegistry   raw: 'nan',
128 silly mapToRegistry   scope: null,
128 silly mapToRegistry   escapedName: 'nan',
128 silly mapToRegistry   name: 'nan',
128 silly mapToRegistry   rawSpec: '',
128 silly mapToRegistry   spec: 'latest',
128 silly mapToRegistry   type: 'tag' }
129 silly mapToRegistry uri https://registry.npmjs.org/nan
130 verbose addNameRange registry:https://registry.npmjs.org/nan not in flight; fetching
131 verbose get https://registry.npmjs.org/nan not expired, no request
132 silly addNameRange number 2 { name: 'nan', range: '>=1.8.4 <2.0.0', hasData: true }
133 silly addNameRange versions [ 'nan',
133 silly addNameRange   [ '0.3.0-wip',
133 silly addNameRange     '0.3.0-wip2',
133 silly addNameRange     '0.3.0',
133 silly addNameRange     '0.3.1',
133 silly addNameRange     '0.3.2',
133 silly addNameRange     '0.4.0',
133 silly addNameRange     '0.4.1',
133 silly addNameRange     '0.4.2',
133 silly addNameRange     '0.4.3',
133 silly addNameRange     '0.4.4',
133 silly addNameRange     '0.5.0',
133 silly addNameRange     '0.5.1',
133 silly addNameRange     '0.5.2',
133 silly addNameRange     '0.6.0',
133 silly addNameRange     '0.7.0',
133 silly addNameRange     '0.7.1',
133 silly addNameRange     '0.8.0',
133 silly addNameRange     '1.0.0',
133 silly addNameRange     '1.1.0',
133 silly addNameRange     '1.1.1',
133 silly addNameRange     '1.1.2',
133 silly addNameRange     '1.2.0',
133 silly addNameRange     '1.3.0',
133 silly addNameRange     '1.4.0',
133 silly addNameRange     '1.4.1',
133 silly addNameRange     '1.5.0',
133 silly addNameRange     '1.4.2',
133 silly addNameRange     '1.4.3',
133 silly addNameRange     '1.5.1',
133 silly addNameRange     '1.5.2',
133 silly addNameRange     '1.6.0',
133 silly addNameRange     '1.5.3',
133 silly addNameRange     '1.6.1',
133 silly addNameRange     '1.6.2',
133 silly addNameRange     '1.7.0',
133 silly addNameRange     '1.8.0',
133 silly addNameRange     '1.8.1',
133 silly addNameRange     '1.8.2',
133 silly addNameRange     '1.8.3',
133 silly addNameRange     '1.8.4',
133 silly addNameRange     '1.9.0',
133 silly addNameRange     '2.0.0',
133 silly addNameRange     '2.0.1',
133 silly addNameRange     '2.0.2',
133 silly addNameRange     '2.0.3',
133 silly addNameRange     '2.0.4',
133 silly addNameRange     '2.0.5',
133 silly addNameRange     '2.0.6',
133 silly addNameRange     '2.0.7',
133 silly addNameRange     '2.0.8',
133 silly addNameRange     '2.0.9',
133 silly addNameRange     '2.1.0',
133 silly addNameRange     '2.2.0',
133 silly addNameRange     '2.2.1',
133 silly addNameRange     '2.3.0',
133 silly addNameRange     '2.3.1',
133 silly addNameRange     '2.3.2',
133 silly addNameRange     '2.3.3',
133 silly addNameRange     '2.3.4',
133 silly addNameRange     '2.3.5',
133 silly addNameRange     '2.4.0' ] ]
134 silly addNamed nan@1.9.0
135 verbose addNamed "1.9.0" is a plain semver version for nan
136 silly cache afterAdd nan@1.9.0
137 verbose afterAdd /Users/David/.npm/nan/1.9.0/package/package.json not in flight; writing
138 verbose correctMkdir /Users/David/.npm correctMkdir not in flight; initializing
139 verbose afterAdd /Users/David/.npm/nan/1.9.0/package/package.json written
140 silly loadAllDepsIntoIdealTree Finishing
141 silly loadIdealTree Finishing
142 silly currentTree anonymouse@1.0.0
142 silly currentTree ├── abbrev@1.0.9
142 silly currentTree ├── after@0.8.2
142 silly currentTree ├── align-text@0.1.4
142 silly currentTree ├── ansi-regex@2.0.0
142 silly currentTree ├── ansi-styles@2.2.1
142 silly currentTree ├── ansi@0.3.1
142 silly currentTree ├── app-client@0.1.0
142 silly currentTree ├── app@0.1.0
142 silly currentTree ├── are-we-there-yet@1.1.2
142 silly currentTree ├── array-index@1.0.0
142 silly currentTree ├── asap@2.0.5
142 silly currentTree ├── asn1@0.2.3
142 silly currentTree ├── assert-plus@0.2.0
142 silly currentTree ├── async@1.5.2
142 silly currentTree ├── asynckit@0.4.0
142 silly currentTree ├── aws-sign2@0.6.0
142 silly currentTree ├── aws4@1.5.0
142 silly currentTree ├── babel-runtime@5.8.38
142 silly currentTree ├── balanced-match@0.4.2
142 silly currentTree ├── basic-promise@0.0.6
142 silly currentTree ├── bcrypt-pbkdf@1.0.0
142 silly currentTree ├── binding@0.0.1-security
142 silly currentTree ├── bl@1.0.3
142 silly currentTree ├── block-stream@0.0.9
142 silly currentTree ├── bluebird@2.10.2
142 silly currentTree ├── boom@2.10.1
142 silly currentTree ├── brace-expansion@1.1.6
142 silly currentTree ├── bson@0.5.6
142 silly currentTree ├── buffer-shims@1.0.0
142 silly currentTree ├── camelcase@2.1.1
142 silly currentTree ├── caseless@0.11.0
142 silly currentTree ├── center-align@0.1.3
142 silly currentTree ├── chalk@1.1.3
142 silly currentTree ├── cliui@3.2.0
142 silly currentTree ├── code-point-at@1.1.0
142 silly currentTree ├── combined-stream@1.0.5
142 silly currentTree ├── commander@2.9.0
142 silly currentTree ├── concat-map@0.0.1
142 silly currentTree ├─┬ connect@3.5.0
142 silly currentTree │ ├── debug@2.2.0
142 silly currentTree │ └── ms@0.7.1
142 silly currentTree ├── core-js@1.2.7
142 silly currentTree ├── core-util-is@1.0.2
142 silly currentTree ├── cornerstone@0.1.0
142 silly currentTree ├── cryptiles@2.0.5
142 silly currentTree ├── d@0.1.1
142 silly currentTree ├─┬ dashdash@1.14.0
142 silly currentTree │ └── assert-plus@1.0.0
142 silly currentTree ├── debug@2.3.2
142 silly currentTree ├── decamelize@1.2.0
142 silly currentTree ├── deep-extend@0.4.1
142 silly currentTree ├── delayed-stream@1.0.0
142 silly currentTree ├── delegates@1.0.0
142 silly currentTree ├─┬ duplexer2@0.0.2
142 silly currentTree │ ├── isarray@0.0.1
142 silly currentTree │ └── readable-stream@1.1.14
142 silly currentTree ├── ecc-jsbn@0.1.1
142 silly currentTree ├── ee-first@1.1.1
142 silly currentTree ├─┬ electron-rebuild@1.4.0
142 silly currentTree │ └── glob@6.0.4
142 silly currentTree ├─┬ end-of-stream@1.1.0
142 silly currentTree │ └── once@1.3.3
142 silly currentTree ├── es5-ext@0.10.12
142 silly currentTree ├── es6-iterator@2.0.0
142 silly currentTree ├── es6-promise@3.2.1
142 silly currentTree ├── es6-symbol@3.1.0
142 silly currentTree ├── escape-html@1.0.3
142 silly currentTree ├── escape-string-regexp@1.0.5
142 silly currentTree ├── execspawn@1.0.1
142 silly currentTree ├── expand-template@1.0.3
142 silly currentTree ├── extend@3.0.0
142 silly currentTree ├── extsprintf@1.0.2
142 silly currentTree ├─┬ finalhandler@0.5.0
142 silly currentTree │ ├── debug@2.2.0
142 silly currentTree │ └── ms@0.7.1
142 silly currentTree ├── forever-agent@0.6.1
142 silly currentTree ├── form-data@2.1.2
142 silly currentTree ├── fs.realpath@1.0.0
142 silly currentTree ├── fstream@1.0.10
142 silly currentTree ├── gauge@1.2.7
142 silly currentTree ├── generate-function@2.0.0
142 silly currentTree ├── generate-object-property@1.2.0
142 silly currentTree ├─┬ getpass@0.1.6
142 silly currentTree │ └── assert-plus@1.0.0
142 silly currentTree ├── ghreleases@1.0.5
142 silly currentTree ├── ghrepos@2.0.0
142 silly currentTree ├── ghutils@3.2.1
142 silly currentTree ├── github-from-package@0.0.0
142 silly currentTree ├── glob@7.1.1
142 silly currentTree ├── graceful-fs@4.1.10
142 silly currentTree ├── graceful-readlink@1.0.1
142 silly currentTree ├── har-validator@2.0.6
142 silly currentTree ├── has-ansi@2.0.0
142 silly currentTree ├── has-unicode@2.0.1
142 silly currentTree ├── hawk@3.1.3
142 silly currentTree ├── hoek@2.16.3
142 silly currentTree ├── hooks-fixed@1.2.0
142 silly currentTree ├── http-signature@1.1.1
142 silly currentTree ├── hyperquest@1.2.0
142 silly currentTree ├── inflight@1.0.6
142 silly currentTree ├── inherits@2.0.3
142 silly currentTree ├── ini@1.3.4
142 silly currentTree ├── invert-kv@1.0.0
142 silly currentTree ├── io@0.1.10
142 silly currentTree ├── iojs@1.0.0
142 silly currentTree ├── is-buffer@1.1.4
142 silly currentTree ├── is-fullwidth-code-point@1.0.0
142 silly currentTree ├── is-my-json-valid@2.15.0
142 silly currentTree ├── is-property@1.0.2
142 silly currentTree ├── is-typedarray@1.0.0
142 silly currentTree ├── isarray@1.0.0
142 silly currentTree ├── isexe@1.1.2
142 silly currentTree ├── isstream@0.1.2
142 silly currentTree ├── jodid25519@1.0.2
142 silly currentTree ├── jsbn@0.1.0
142 silly currentTree ├── json-schema@0.2.3
142 silly currentTree ├── json-stringify-safe@5.0.1
142 silly currentTree ├── jsonist@1.3.0
142 silly currentTree ├── jsonpointer@4.0.0
142 silly currentTree ├── jsprim@1.3.1
142 silly currentTree ├── kareem@1.1.3
142 silly currentTree ├── kind-of@3.0.4
142 silly currentTree ├── lazy-cache@1.0.4
142 silly currentTree ├── lcid@1.0.0
142 silly currentTree ├── lodash.pad@4.5.1
142 silly currentTree ├── lodash.padend@4.6.1
142 silly currentTree ├── lodash.padstart@4.6.1
142 silly currentTree ├── lodash@3.10.1
142 silly currentTree ├── longest@1.0.1
142 silly currentTree ├── mime-db@1.24.0
142 silly currentTree ├── mime-types@2.1.12
142 silly currentTree ├── mime@1.3.4
142 silly currentTree ├── minimatch@3.0.3
142 silly currentTree ├── minimist@1.2.0
142 silly currentTree ├─┬ mkdirp@0.5.1
142 silly currentTree │ └── minimist@0.0.8
142 silly currentTree ├── modulator@0.1.0
142 silly currentTree ├── mongodb-core@2.0.13
142 silly currentTree ├─┬ mongodb@2.2.11
142 silly currentTree │ └── readable-stream@2.1.5
142 silly currentTree ├─┬ mongoose@4.6.7
142 silly currentTree │ ├── async@2.1.2
142 silly currentTree │ ├── lodash@4.16.6
142 silly currentTree │ └── ms@0.7.1
142 silly currentTree ├── mpath@0.2.1
142 silly currentTree ├── mpromise@0.5.5
142 silly currentTree ├─┬ mquery@2.0.0
142 silly currentTree │ ├── debug@2.2.0
142 silly currentTree │ ├── ms@0.7.1
142 silly currentTree │ └── sliced@0.0.5
142 silly currentTree ├── ms@0.7.2
142 silly currentTree ├── muri@1.1.1
142 silly currentTree ├── nan@2.4.0
142 silly currentTree ├── ncp@2.0.0
142 silly currentTree ├── node-gyp@3.4.0
142 silly currentTree ├── node-ninja@1.0.2
142 silly currentTree ├── node-uuid@1.4.7
142 silly currentTree ├── noop-logger@0.1.1
142 silly currentTree ├── nopt@3.0.6
142 silly currentTree ├─┬ npm@3.10.10
142 silly currentTree │ ├── abbrev@1.0.9
142 silly currentTree │ ├── ansi-regex@2.0.0
142 silly currentTree │ ├── ansicolors@0.3.2
142 silly currentTree │ ├── ansistyles@0.1.3
142 silly currentTree │ ├── aproba@1.0.4
142 silly currentTree │ ├── archy@1.0.0
142 silly currentTree │ ├── asap@2.0.5
142 silly currentTree │ ├── chownr@1.0.1
142 silly currentTree │ ├── cmd-shim@2.0.2
142 silly currentTree │ ├─┬ columnify@1.5.4
142 silly currentTree │ │ └─┬ wcwidth@1.0.0
142 silly currentTree │ │   └─┬ defaults@1.0.3
142 silly currentTree │ │     └── clone@1.0.2
142 silly currentTree │ ├─┬ config-chain@1.1.11
142 silly currentTree │ │ └── proto-list@1.2.4
142 silly currentTree │ ├── debuglog@1.0.1
142 silly currentTree │ ├── dezalgo@1.0.3
142 silly currentTree │ ├── editor@1.0.0
142 silly currentTree │ ├── fs-vacuum@1.2.9
142 silly currentTree │ ├── fs-write-stream-atomic@1.0.8
142 silly currentTree │ ├─┬ fstream-npm@1.2.0
142 silly currentTree │ │ └─┬ fstream-ignore@1.0.5
142 silly currentTree │ │   └─┬ minimatch@3.0.3
142 silly currentTree │ │     └─┬ brace-expansion@1.1.6
142 silly currentTree │ │       ├── balanced-match@0.4.2
142 silly currentTree │ │       └── concat-map@0.0.1
142 silly currentTree │ ├── fstream@1.0.10
142 silly currentTree │ ├─┬ glob@7.1.0
142 silly currentTree │ │ ├── fs.realpath@1.0.0
142 silly currentTree │ │ ├─┬ minimatch@3.0.3
142 silly currentTree │ │ │ └─┬ brace-expansion@1.1.6
142 silly currentTree │ │ │   ├── balanced-match@0.4.2
142 silly currentTree │ │ │   └── concat-map@0.0.1
142 silly currentTree │ │ └── path-is-absolute@1.0.1
142 silly currentTree │ ├── graceful-fs@4.1.9
142 silly currentTree │ ├── has-unicode@2.0.1
142 silly currentTree │ ├── hosted-git-info@2.1.5
142 silly currentTree │ ├── iferr@0.1.5
142 silly currentTree │ ├── imurmurhash@0.1.4
142 silly currentTree │ ├── inflight@1.0.5
142 silly currentTree │ ├── inherits@2.0.3
142 silly currentTree │ ├── ini@1.3.4
142 silly currentTree │ ├─┬ init-package-json@1.9.4
142 silly currentTree │ │ ├─┬ glob@6.0.4
142 silly currentTree │ │ │ ├─┬ minimatch@3.0.3
142 silly currentTree │ │ │ │ └─┬ brace-expansion@1.1.6
142 silly currentTree │ │ │ │   ├── balanced-match@0.4.2
142 silly currentTree │ │ │ │   └── concat-map@0.0.1
142 silly currentTree │ │ │ └── path-is-absolute@1.0.0
142 silly currentTree │ │ └── promzard@0.3.0
142 silly currentTree │ ├── lockfile@1.0.2
142 silly currentTree │ ├── lodash._baseindexof@3.1.0
142 silly currentTree │ ├─┬ lodash._baseuniq@4.6.0
142 silly currentTree │ │ ├── lodash._createset@4.0.3
142 silly currentTree │ │ └── lodash._root@3.0.1
142 silly currentTree │ ├── lodash._bindcallback@3.0.1
142 silly currentTree │ ├── lodash._cacheindexof@3.0.2
142 silly currentTree │ ├── lodash._createcache@3.1.2
142 silly currentTree │ ├── lodash._getnative@3.9.1
142 silly currentTree │ ├── lodash.clonedeep@4.5.0
142 silly currentTree │ ├── lodash.restparam@3.6.1
142 silly currentTree │ ├── lodash.union@4.6.0
142 silly currentTree │ ├── lodash.uniq@4.5.0
142 silly currentTree │ ├── lodash.without@4.4.0
142 silly currentTree │ ├─┬ mkdirp@0.5.1
142 silly currentTree │ │ └── minimist@0.0.8
142 silly currentTree │ ├─┬ node-gyp@3.4.0
142 silly currentTree │ │ ├─┬ minimatch@3.0.3
142 silly currentTree │ │ │ └─┬ brace-expansion@1.1.6
142 silly currentTree │ │ │   ├── balanced-match@0.4.2
142 silly currentTree │ │ │   └── concat-map@0.0.1
142 silly currentTree │ │ ├─┬ npmlog@3.1.2
142 silly currentTree │ │ │ ├─┬ are-we-there-yet@1.1.2
142 silly currentTree │ │ │ │ └── delegates@1.0.0
142 silly currentTree │ │ │ ├── console-control-strings@1.1.0
142 silly currentTree │ │ │ ├─┬ gauge@2.6.0
142 silly currentTree │ │ │ │ ├── has-color@0.1.7
142 silly currentTree │ │ │ │ ├── object-assign@4.1.0
142 silly currentTree │ │ │ │ ├── signal-exit@3.0.0
142 silly currentTree │ │ │ │ ├─┬ string-width@1.0.2
142 silly currentTree │ │ │ │ │ ├─┬ code-point-at@1.0.0
142 silly currentTree │ │ │ │ │ │ └── number-is-nan@1.0.0
142 silly currentTree │ │ │ │ │ └─┬ is-fullwidth-code-point@1.0.0
142 silly currentTree │ │ │ │ │   └── number-is-nan@1.0.0
142 silly currentTree │ │ │ │ └── wide-align@1.1.0
142 silly currentTree │ │ │ └── set-blocking@2.0.0
142 silly currentTree │ │ └─┬ path-array@1.0.1
142 silly currentTree │ │   └─┬ array-index@1.0.0
142 silly currentTree │ │     ├─┬ debug@2.2.0
142 silly currentTree │ │     │ └── ms@0.7.1
142 silly currentTree │ │     └─┬ es6-symbol@3.1.0
142 silly currentTree │ │       ├── d@0.1.1
142 silly currentTree │ │       └─┬ es5-ext@0.10.12
142 silly currentTree │ │         └── es6-iterator@2.0.0
142 silly currentTree │ ├── nopt@3.0.6
142 silly currentTree │ ├── normalize-git-url@3.0.2
142 silly currentTree │ ├─┬ normalize-package-data@2.3.5
142 silly currentTree │ │ └─┬ is-builtin-module@1.0.0
142 silly currentTree │ │   └── builtin-modules@1.1.1
142 silly currentTree │ ├── npm-cache-filename@1.0.2
142 silly currentTree │ ├── npm-install-checks@3.0.0
142 silly currentTree │ ├── npm-package-arg@4.2.0
142 silly currentTree │ ├─┬ npm-registry-client@7.2.1
142 silly currentTree │ │ ├─┬ concat-stream@1.5.2
142 silly currentTree │ │ │ ├─┬ readable-stream@2.0.6
142 silly currentTree │ │ │ │ ├── core-util-is@1.0.2
142 silly currentTree │ │ │ │ ├── isarray@1.0.0
142 silly currentTree │ │ │ │ ├── process-nextick-args@1.0.7
142 silly currentTree │ │ │ │ ├── string_decoder@0.10.31
142 silly currentTree │ │ │ │ └── util-deprecate@1.0.2
142 silly currentTree │ │ │ └── typedarray@0.0.6
142 silly currentTree │ │ ├─┬ npmlog@3.1.2
142 silly currentTree │ │ │ ├─┬ are-we-there-yet@1.1.2
142 silly currentTree │ │ │ │ └── delegates@1.0.0
142 silly currentTree │ │ │ ├── console-control-strings@1.1.0
142 silly currentTree │ │ │ ├─┬ gauge@2.6.0
142 silly currentTree │ │ │ │ ├── has-color@0.1.7
142 silly currentTree │ │ │ │ ├── object-assign@4.1.0
142 silly currentTree │ │ │ │ ├── signal-exit@3.0.0
142 silly currentTree │ │ │ │ ├─┬ string-width@1.0.2
142 silly currentTree │ │ │ │ │ ├─┬ code-point-at@1.0.0
142 silly currentTree │ │ │ │ │ │ └── number-is-nan@1.0.0
142 silly currentTree │ │ │ │ │ └─┬ is-fullwidth-code-point@1.0.0
142 silly currentTree │ │ │ │ │   └── number-is-nan@1.0.0
142 silly currentTree │ │ │ │ └── wide-align@1.1.0
142 silly currentTree │ │ │ └── set-blocking@2.0.0
142 silly currentTree │ │ └── retry@0.10.0
142 silly currentTree │ ├── npm-user-validate@0.1.5
142 silly currentTree │ ├─┬ npmlog@4.0.0
142 silly currentTree │ │ ├─┬ are-we-there-yet@1.1.2
142 silly currentTree │ │ │ └── delegates@1.0.0
142 silly currentTree │ │ ├── console-control-strings@1.1.0
142 silly currentTree │ │ ├─┬ gauge@2.6.0
142 silly currentTree │ │ │ ├── has-color@0.1.7
142 silly currentTree │ │ │ ├── object-assign@4.1.0
142 silly currentTree │ │ │ ├── signal-exit@3.0.0
142 silly currentTree │ │ │ ├─┬ string-width@1.0.2
142 silly currentTree │ │ │ │ ├─┬ code-point-at@1.0.0
142 silly currentTree │ │ │ │ │ └── number-is-nan@1.0.0
142 silly currentTree │ │ │ │ └─┬ is-fullwidth-code-point@1.0.0
142 silly currentTree │ │ │ │   └── number-is-nan@1.0.0
142 silly currentTree │ │ │ └── wide-align@1.1.0
142 silly currentTree │ │ └── set-blocking@2.0.0
142 silly currentTree │ ├── once@1.4.0
142 silly currentTree │ ├── opener@1.4.2
142 silly currentTree │ ├─┬ osenv@0.1.3
142 silly currentTree │ │ ├── os-homedir@1.0.1
142 silly currentTree │ │ └── os-tmpdir@1.0.1
142 silly currentTree │ ├── path-is-inside@1.0.2
142 silly currentTree │ ├── read-cmd-shim@1.0.1
142 silly currentTree │ ├─┬ read-installed@4.0.3
142 silly currentTree │ │ └── util-extend@1.0.3
142 silly currentTree │ ├─┬ read-package-json@2.0.4
142 silly currentTree │ │ ├─┬ glob@6.0.4
142 silly currentTree │ │ │ ├─┬ minimatch@3.0.3
142 silly currentTree │ │ │ │ └─┬ brace-expansion@1.1.6
142 silly currentTree │ │ │ │   ├── balanced-match@0.4.2
142 silly currentTree │ │ │ │   └── concat-map@0.0.1
142 silly currentTree │ │ │ └── path-is-absolute@1.0.0
142 silly currentTree │ │ └─┬ json-parse-helpfulerror@1.0.3
142 silly currentTree │ │   └── jju@1.3.0
142 silly currentTree │ ├── read-package-tree@5.1.5
142 silly currentTree │ ├─┬ read@1.0.7
142 silly currentTree │ │ └── mute-stream@0.0.5
142 silly currentTree │ ├─┬ readable-stream@2.1.5
142 silly currentTree │ │ ├── buffer-shims@1.0.0
142 silly currentTree │ │ ├── core-util-is@1.0.2
142 silly currentTree │ │ ├── isarray@1.0.0
142 silly currentTree │ │ ├── process-nextick-args@1.0.7
142 silly currentTree │ │ ├── string_decoder@0.10.31
142 silly currentTree │ │ └── util-deprecate@1.0.2
142 silly currentTree │ ├── readdir-scoped-modules@1.0.2
142 silly currentTree │ ├── realize-package-specifier@3.0.3
142 silly currentTree │ ├─┬ request@2.75.0
142 silly currentTree │ │ ├── aws-sign2@0.6.0
142 silly currentTree │ │ ├── aws4@1.4.1
142 silly currentTree │ │ ├─┬ bl@1.1.2
142 silly currentTree │ │ │ └─┬ readable-stream@2.0.6
142 silly currentTree │ │ │   ├── core-util-is@1.0.2
142 silly currentTree │ │ │   ├── isarray@1.0.0
142 silly currentTree │ │ │   ├── process-nextick-args@1.0.7
142 silly currentTree │ │ │   ├── string_decoder@0.10.31
142 silly currentTree │ │ │   └── util-deprecate@1.0.2
142 silly currentTree │ │ ├── caseless@0.11.0
142 silly currentTree │ │ ├─┬ combined-stream@1.0.5
142 silly currentTree │ │ │ └── delayed-stream@1.0.0
142 silly currentTree │ │ ├── extend@3.0.0
142 silly currentTree │ │ ├── forever-agent@0.6.1
142 silly currentTree │ │ ├─┬ form-data@2.0.0
142 silly currentTree │ │ │ └── asynckit@0.4.0
142 silly currentTree │ │ ├─┬ har-validator@2.0.6
142 silly currentTree │ │ │ ├─┬ chalk@1.1.3
142 silly currentTree │ │ │ │ ├── ansi-styles@2.2.1
142 silly currentTree │ │ │ │ ├── escape-string-regexp@1.0.5
142 silly currentTree │ │ │ │ ├── has-ansi@2.0.0
142 silly currentTree │ │ │ │ └── supports-color@2.0.0
142 silly currentTree │ │ │ ├─┬ commander@2.9.0
142 silly currentTree │ │ │ │ └── graceful-readlink@1.0.1
142 silly currentTree │ │ │ ├─┬ is-my-json-valid@2.15.0
142 silly currentTree │ │ │ │ ├── generate-function@2.0.0
142 silly currentTree │ │ │ │ ├─┬ generate-object-property@1.2.0
142 silly currentTree │ │ │ │ │ └── is-property@1.0.2
142 silly currentTree │ │ │ │ ├── jsonpointer@4.0.0
142 silly currentTree │ │ │ │ └── xtend@4.0.1
142 silly currentTree │ │ │ └─┬ pinkie-promise@2.0.1
142 silly currentTree │ │ │   └── pinkie@2.0.4
142 silly currentTree │ │ ├─┬ hawk@3.1.3
142 silly currentTree │ │ │ ├── boom@2.10.1
142 silly currentTree │ │ │ ├── cryptiles@2.0.5
142 silly currentTree │ │ │ ├── hoek@2.16.3
142 silly currentTree │ │ │ └── sntp@1.0.9
142 silly currentTree │ │ ├─┬ http-signature@1.1.1
142 silly currentTree │ │ │ ├── assert-plus@0.2.0
142 silly currentTree │ │ │ ├─┬ jsprim@1.3.1
142 silly currentTree │ │ │ │ ├── extsprintf@1.0.2
142 silly currentTree │ │ │ │ ├── json-schema@0.2.3
142 silly currentTree │ │ │ │ └── verror@1.3.6
142 silly currentTree │ │ │ └─┬ sshpk@1.10.1
142 silly currentTree │ │ │   ├── asn1@0.2.3
142 silly currentTree │ │ │   ├── assert-plus@1.0.0
142 silly currentTree │ │ │   ├── bcrypt-pbkdf@1.0.0
142 silly currentTree │ │ │   ├── dashdash@1.14.0
142 silly currentTree │ │ │   ├── ecc-jsbn@0.1.1
142 silly currentTree │ │ │   ├── getpass@0.1.6
142 silly currentTree │ │ │   ├── jodid25519@1.0.2
142 silly currentTree │ │ │   ├── jsbn@0.1.0
142 silly currentTree │ │ │   └── tweetnacl@0.14.3
142 silly currentTree │ │ ├── is-typedarray@1.0.0
142 silly currentTree │ │ ├── isstream@0.1.2
142 silly currentTree │ │ ├── json-stringify-safe@5.0.1
142 silly currentTree │ │ ├─┬ mime-types@2.1.12
142 silly currentTree │ │ │ └── mime-db@1.24.0
142 silly currentTree │ │ ├── node-uuid@1.4.7
142 silly currentTree │ │ ├── oauth-sign@0.8.2
142 silly currentTree │ │ ├── qs@6.2.1
142 silly currentTree │ │ ├── stringstream@0.0.5
142 silly currentTree │ │ ├── tough-cookie@2.3.1
142 silly currentTree │ │ └── tunnel-agent@0.4.3
142 silly currentTree │ ├── retry@0.10.0
142 silly currentTree │ ├── rimraf@2.5.4
142 silly currentTree │ ├── semver@5.3.0
142 silly currentTree │ ├── sha@2.0.1
142 silly currentTree │ ├── slide@1.1.6
142 silly currentTree │ ├── sorted-object@2.0.1
142 silly currentTree │ ├── strip-ansi@3.0.1
142 silly currentTree │ ├─┬ tar@2.2.1
142 silly currentTree │ │ └── block-stream@0.0.8
142 silly currentTree │ ├── text-table@0.2.0
142 silly currentTree │ ├── uid-number@0.0.6
142 silly currentTree │ ├── umask@1.1.0
142 silly currentTree │ ├─┬ unique-filename@1.1.0
142 silly currentTree │ │ └── unique-slug@2.0.0
142 silly currentTree │ ├── unpipe@1.0.0
142 silly currentTree │ ├─┬ validate-npm-package-license@3.0.1
142 silly currentTree │ │ ├─┬ spdx-correct@1.0.2
142 silly currentTree │ │ │ └── spdx-license-ids@1.2.0
142 silly currentTree │ │ └─┬ spdx-expression-parse@1.0.2
142 silly currentTree │ │   ├── spdx-exceptions@1.0.4
142 silly currentTree │ │   └── spdx-license-ids@1.2.0
142 silly currentTree │ ├─┬ validate-npm-package-name@2.2.2
142 silly currentTree │ │ └── builtins@0.0.7
142 silly currentTree │ ├─┬ which@1.2.11
142 silly currentTree │ │ └── isexe@1.1.2
142 silly currentTree │ ├── wrappy@1.0.2
142 silly currentTree │ └── write-file-atomic@1.2.0
142 silly currentTree ├── npmlog@2.0.4
142 silly currentTree ├── nslog@3.0.0
142 silly currentTree ├── number-is-nan@1.0.1
142 silly currentTree ├── oauth-sign@0.8.2
142 silly currentTree ├── on-finished@2.3.0
142 silly currentTree ├── once@1.4.0
142 silly currentTree ├─┬ optimist@0.6.1
142 silly currentTree │ └── minimist@0.0.10
142 silly currentTree ├── os-homedir@1.0.2
142 silly currentTree ├── os-locale@1.4.0
142 silly currentTree ├── os-tmpdir@1.0.2
142 silly currentTree ├── osenv@0.1.3
142 silly currentTree ├── parseurl@1.3.1
142 silly currentTree ├── path-array@1.0.1
142 silly currentTree ├── path-is-absolute@1.0.1
142 silly currentTree ├── pinkie-promise@2.0.1
142 silly currentTree ├── pinkie@2.0.4
142 silly currentTree ├── prebuild@4.4.0
142 silly currentTree ├── process-nextick-args@1.0.7
142 silly currentTree ├── promise@7.1.1
142 silly currentTree ├── pump@1.0.1
142 silly currentTree ├── punycode@1.4.1
142 silly currentTree ├── qs@6.3.0
142 silly currentTree ├── rc@1.1.6
142 silly currentTree ├── readable-stream@2.0.6
142 silly currentTree ├── regexp-clone@0.0.1
142 silly currentTree ├── repeat-string@1.6.1
142 silly currentTree ├── request@2.78.0
142 silly currentTree ├── require_optional@1.0.0
142 silly currentTree ├── resolve-from@2.0.0
142 silly currentTree ├── right-align@0.1.3
142 silly currentTree ├── rimraf@2.5.4
142 silly currentTree ├── robotjs.zip
142 silly currentTree ├── robotjs@0.4.5
142 silly currentTree ├── semver@5.3.0
142 silly currentTree ├── simple-get@1.4.3
142 silly currentTree ├── simple-mime@0.1.0
142 silly currentTree ├── sliced@1.0.1
142 silly currentTree ├── sntp@1.0.9
142 silly currentTree ├── source-map@0.5.6
142 silly currentTree ├─┬ sshpk@1.10.1
142 silly currentTree │ └── assert-plus@1.0.0
142 silly currentTree ├── statuses@1.3.1
142 silly currentTree ├── string_decoder@0.10.31
142 silly currentTree ├── string-width@1.0.2
142 silly currentTree ├── stringstream@0.0.5
142 silly currentTree ├── strip-ansi@3.0.1
142 silly currentTree ├── strip-json-comments@1.0.4
142 silly currentTree ├── supports-color@2.0.0
142 silly currentTree ├── tar-fs@1.14.0
142 silly currentTree ├── tar-stream@1.5.2
142 silly currentTree ├── tar@2.2.1
142 silly currentTree ├─┬ through2@0.6.5
142 silly currentTree │ ├── isarray@0.0.1
142 silly currentTree │ └── readable-stream@1.0.34
142 silly currentTree ├── tough-cookie@2.3.2
142 silly currentTree ├── tunnel-agent@0.4.3
142 silly currentTree ├── tweetnacl@0.14.3
142 silly currentTree ├─┬ uglify-js@2.7.4
142 silly currentTree │ ├── async@0.2.10
142 silly currentTree │ ├── camelcase@1.2.1
142 silly currentTree │ ├── cliui@2.1.0
142 silly currentTree │ ├── window-size@0.1.0
142 silly currentTree │ └── yargs@3.10.0
142 silly currentTree ├── uglify-to-browserify@1.0.2
142 silly currentTree ├── unpipe@1.0.0
142 silly currentTree ├── unzip-response@1.0.2
142 silly currentTree ├── url-template@2.0.8
142 silly currentTree ├── util-deprecate@1.0.2
142 silly currentTree ├── util-extend@1.0.3
142 silly currentTree ├── utils-merge@1.0.0
142 silly currentTree ├── verror@1.3.6
142 silly currentTree ├── which@1.2.12
142 silly currentTree ├── window-size@0.1.4
142 silly currentTree ├── wordwrap@0.0.2
142 silly currentTree ├── wrap-ansi@2.0.0
142 silly currentTree ├── wrappy@1.0.2
142 silly currentTree ├── xtend@4.0.1
142 silly currentTree ├── y18n@3.2.1
142 silly currentTree └── yargs@3.32.0
143 silly idealTree anonymouse@1.0.0
143 silly idealTree ├── abbrev@1.0.9
143 silly idealTree ├── after@0.8.2
143 silly idealTree ├── align-text@0.1.4
143 silly idealTree ├── ansi-regex@2.0.0
143 silly idealTree ├── ansi-styles@2.2.1
143 silly idealTree ├── ansi@0.3.1
143 silly idealTree ├── app-client@0.1.0
143 silly idealTree ├── app@0.1.0
143 silly idealTree ├── are-we-there-yet@1.1.2
143 silly idealTree ├── array-index@1.0.0
143 silly idealTree ├── asap@2.0.5
143 silly idealTree ├── asn1@0.2.3
143 silly idealTree ├── assert-plus@0.2.0
143 silly idealTree ├── async@1.5.2
143 silly idealTree ├── asynckit@0.4.0
143 silly idealTree ├── aws-sign2@0.6.0
143 silly idealTree ├── aws4@1.5.0
143 silly idealTree ├── babel-runtime@5.8.38
143 silly idealTree ├── balanced-match@0.4.2
143 silly idealTree ├── basic-promise@0.0.6
143 silly idealTree ├── bcrypt-pbkdf@1.0.0
143 silly idealTree ├── binding@0.0.1-security
143 silly idealTree ├── bindings@1.2.1
143 silly idealTree ├── bl@1.0.3
143 silly idealTree ├── block-stream@0.0.9
143 silly idealTree ├── bluebird@2.10.2
143 silly idealTree ├── boom@2.10.1
143 silly idealTree ├── brace-expansion@1.1.6
143 silly idealTree ├── bson@0.5.6
143 silly idealTree ├── buffer-shims@1.0.0
143 silly idealTree ├── camelcase@2.1.1
143 silly idealTree ├── caseless@0.11.0
143 silly idealTree ├── center-align@0.1.3
143 silly idealTree ├── chalk@1.1.3
143 silly idealTree ├── cliui@3.2.0
143 silly idealTree ├── code-point-at@1.1.0
143 silly idealTree ├── combined-stream@1.0.5
143 silly idealTree ├── commander@2.9.0
143 silly idealTree ├── concat-map@0.0.1
143 silly idealTree ├─┬ connect@3.5.0
143 silly idealTree │ ├── debug@2.2.0
143 silly idealTree │ └── ms@0.7.1
143 silly idealTree ├── core-js@1.2.7
143 silly idealTree ├── core-util-is@1.0.2
143 silly idealTree ├── cornerstone@0.1.0
143 silly idealTree ├── cryptiles@2.0.5
143 silly idealTree ├── d@0.1.1
143 silly idealTree ├─┬ dashdash@1.14.0
143 silly idealTree │ └── assert-plus@1.0.0
143 silly idealTree ├── debug@2.3.2
143 silly idealTree ├── decamelize@1.2.0
143 silly idealTree ├── deep-extend@0.4.1
143 silly idealTree ├── delayed-stream@1.0.0
143 silly idealTree ├── delegates@1.0.0
143 silly idealTree ├─┬ duplexer2@0.0.2
143 silly idealTree │ ├── isarray@0.0.1
143 silly idealTree │ └── readable-stream@1.1.14
143 silly idealTree ├── ecc-jsbn@0.1.1
143 silly idealTree ├── ee-first@1.1.1
143 silly idealTree ├─┬ electron-rebuild@1.4.0
143 silly idealTree │ └── glob@6.0.4
143 silly idealTree ├─┬ end-of-stream@1.1.0
143 silly idealTree │ └── once@1.3.3
143 silly idealTree ├── es5-ext@0.10.12
143 silly idealTree ├── es6-iterator@2.0.0
143 silly idealTree ├── es6-promise@3.2.1
143 silly idealTree ├── es6-symbol@3.1.0
143 silly idealTree ├── escape-html@1.0.3
143 silly idealTree ├── escape-string-regexp@1.0.5
143 silly idealTree ├── execspawn@1.0.1
143 silly idealTree ├── expand-template@1.0.3
143 silly idealTree ├── extend@3.0.0
143 silly idealTree ├── extsprintf@1.0.2
143 silly idealTree ├─┬ finalhandler@0.5.0
143 silly idealTree │ ├── debug@2.2.0
143 silly idealTree │ └── ms@0.7.1
143 silly idealTree ├── forever-agent@0.6.1
143 silly idealTree ├── form-data@2.1.2
143 silly idealTree ├── fs.realpath@1.0.0
143 silly idealTree ├── fstream@1.0.10
143 silly idealTree ├── gauge@1.2.7
143 silly idealTree ├── generate-function@2.0.0
143 silly idealTree ├── generate-object-property@1.2.0
143 silly idealTree ├─┬ getpass@0.1.6
143 silly idealTree │ └── assert-plus@1.0.0
143 silly idealTree ├── ghreleases@1.0.5
143 silly idealTree ├── ghrepos@2.0.0
143 silly idealTree ├── ghutils@3.2.1
143 silly idealTree ├── github-from-package@0.0.0
143 silly idealTree ├── glob@7.1.1
143 silly idealTree ├── graceful-fs@4.1.10
143 silly idealTree ├── graceful-readlink@1.0.1
143 silly idealTree ├── har-validator@2.0.6
143 silly idealTree ├── has-ansi@2.0.0
143 silly idealTree ├── has-unicode@2.0.1
143 silly idealTree ├── hawk@3.1.3
143 silly idealTree ├── hoek@2.16.3
143 silly idealTree ├── hooks-fixed@1.2.0
143 silly idealTree ├── http-signature@1.1.1
143 silly idealTree ├── hyperquest@1.2.0
143 silly idealTree ├── inflight@1.0.6
143 silly idealTree ├── inherits@2.0.3
143 silly idealTree ├── ini@1.3.4
143 silly idealTree ├── invert-kv@1.0.0
143 silly idealTree ├── io@0.1.10
143 silly idealTree ├── iojs@1.0.0
143 silly idealTree ├── is-buffer@1.1.4
143 silly idealTree ├── is-fullwidth-code-point@1.0.0
143 silly idealTree ├── is-my-json-valid@2.15.0
143 silly idealTree ├── is-property@1.0.2
143 silly idealTree ├── is-typedarray@1.0.0
143 silly idealTree ├── isarray@1.0.0
143 silly idealTree ├── isexe@1.1.2
143 silly idealTree ├── isstream@0.1.2
143 silly idealTree ├── jodid25519@1.0.2
143 silly idealTree ├── jsbn@0.1.0
143 silly idealTree ├── json-schema@0.2.3
143 silly idealTree ├── json-stringify-safe@5.0.1
143 silly idealTree ├── jsonist@1.3.0
143 silly idealTree ├── jsonpointer@4.0.0
143 silly idealTree ├── jsprim@1.3.1
143 silly idealTree ├── kareem@1.1.3
143 silly idealTree ├── kind-of@3.0.4
143 silly idealTree ├── lazy-cache@1.0.4
143 silly idealTree ├── lcid@1.0.0
143 silly idealTree ├── lodash.pad@4.5.1
143 silly idealTree ├── lodash.padend@4.6.1
143 silly idealTree ├── lodash.padstart@4.6.1
143 silly idealTree ├── lodash@3.10.1
143 silly idealTree ├── longest@1.0.1
143 silly idealTree ├── mime-db@1.24.0
143 silly idealTree ├── mime-types@2.1.12
143 silly idealTree ├── mime@1.3.4
143 silly idealTree ├── minimatch@3.0.3
143 silly idealTree ├── minimist@1.2.0
143 silly idealTree ├─┬ mkdirp@0.5.1
143 silly idealTree │ └── minimist@0.0.8
143 silly idealTree ├── modulator@0.1.0
143 silly idealTree ├── mongodb-core@2.0.13
143 silly idealTree ├─┬ mongodb@2.2.11
143 silly idealTree │ └── readable-stream@2.1.5
143 silly idealTree ├─┬ mongoose@4.6.7
143 silly idealTree │ ├── async@2.1.2
143 silly idealTree │ ├── lodash@4.16.6
143 silly idealTree │ └── ms@0.7.1
143 silly idealTree ├── mpath@0.2.1
143 silly idealTree ├── mpromise@0.5.5
143 silly idealTree ├─┬ mquery@2.0.0
143 silly idealTree │ ├── debug@2.2.0
143 silly idealTree │ ├── ms@0.7.1
143 silly idealTree │ └── sliced@0.0.5
143 silly idealTree ├── ms@0.7.2
143 silly idealTree ├── muri@1.1.1
143 silly idealTree ├── nan@2.4.0
143 silly idealTree ├── ncp@2.0.0
143 silly idealTree ├── node-gyp@3.4.0
143 silly idealTree ├── node-ninja@1.0.2
143 silly idealTree ├── node-uuid@1.4.7
143 silly idealTree ├── noop-logger@0.1.1
143 silly idealTree ├── nopt@3.0.6
143 silly idealTree ├─┬ npm@3.10.10
143 silly idealTree │ ├── abbrev@1.0.9
143 silly idealTree │ ├── ansi-regex@2.0.0
143 silly idealTree │ ├── ansicolors@0.3.2
143 silly idealTree │ ├── ansistyles@0.1.3
143 silly idealTree │ ├── aproba@1.0.4
143 silly idealTree │ ├── archy@1.0.0
143 silly idealTree │ ├── asap@2.0.5
143 silly idealTree │ ├── chownr@1.0.1
143 silly idealTree │ ├── cmd-shim@2.0.2
143 silly idealTree │ ├─┬ columnify@1.5.4
143 silly idealTree │ │ └─┬ wcwidth@1.0.0
143 silly idealTree │ │   └─┬ defaults@1.0.3
143 silly idealTree │ │     └── clone@1.0.2
143 silly idealTree │ ├─┬ config-chain@1.1.11
143 silly idealTree │ │ └── proto-list@1.2.4
143 silly idealTree │ ├── debuglog@1.0.1
143 silly idealTree │ ├── dezalgo@1.0.3
143 silly idealTree │ ├── editor@1.0.0
143 silly idealTree │ ├── fs-vacuum@1.2.9
143 silly idealTree │ ├── fs-write-stream-atomic@1.0.8
143 silly idealTree │ ├─┬ fstream-npm@1.2.0
143 silly idealTree │ │ └─┬ fstream-ignore@1.0.5
143 silly idealTree │ │   └─┬ minimatch@3.0.3
143 silly idealTree │ │     └─┬ brace-expansion@1.1.6
143 silly idealTree │ │       ├── balanced-match@0.4.2
143 silly idealTree │ │       └── concat-map@0.0.1
143 silly idealTree │ ├── fstream@1.0.10
143 silly idealTree │ ├─┬ glob@7.1.0
143 silly idealTree │ │ ├── fs.realpath@1.0.0
143 silly idealTree │ │ ├─┬ minimatch@3.0.3
143 silly idealTree │ │ │ └─┬ brace-expansion@1.1.6
143 silly idealTree │ │ │   ├── balanced-match@0.4.2
143 silly idealTree │ │ │   └── concat-map@0.0.1
143 silly idealTree │ │ └── path-is-absolute@1.0.1
143 silly idealTree │ ├── graceful-fs@4.1.9
143 silly idealTree │ ├── has-unicode@2.0.1
143 silly idealTree │ ├── hosted-git-info@2.1.5
143 silly idealTree │ ├── iferr@0.1.5
143 silly idealTree │ ├── imurmurhash@0.1.4
143 silly idealTree │ ├── inflight@1.0.5
143 silly idealTree │ ├── inherits@2.0.3
143 silly idealTree │ ├── ini@1.3.4
143 silly idealTree │ ├─┬ init-package-json@1.9.4
143 silly idealTree │ │ ├─┬ glob@6.0.4
143 silly idealTree │ │ │ ├─┬ minimatch@3.0.3
143 silly idealTree │ │ │ │ └─┬ brace-expansion@1.1.6
143 silly idealTree │ │ │ │   ├── balanced-match@0.4.2
143 silly idealTree │ │ │ │   └── concat-map@0.0.1
143 silly idealTree │ │ │ └── path-is-absolute@1.0.0
143 silly idealTree │ │ └── promzard@0.3.0
143 silly idealTree │ ├── lockfile@1.0.2
143 silly idealTree │ ├── lodash._baseindexof@3.1.0
143 silly idealTree │ ├─┬ lodash._baseuniq@4.6.0
143 silly idealTree │ │ ├── lodash._createset@4.0.3
143 silly idealTree │ │ └── lodash._root@3.0.1
143 silly idealTree │ ├── lodash._bindcallback@3.0.1
143 silly idealTree │ ├── lodash._cacheindexof@3.0.2
143 silly idealTree │ ├── lodash._createcache@3.1.2
143 silly idealTree │ ├── lodash._getnative@3.9.1
143 silly idealTree │ ├── lodash.clonedeep@4.5.0
143 silly idealTree │ ├── lodash.restparam@3.6.1
143 silly idealTree │ ├── lodash.union@4.6.0
143 silly idealTree │ ├── lodash.uniq@4.5.0
143 silly idealTree │ ├── lodash.without@4.4.0
143 silly idealTree │ ├─┬ mkdirp@0.5.1
143 silly idealTree │ │ └── minimist@0.0.8
143 silly idealTree │ ├─┬ node-gyp@3.4.0
143 silly idealTree │ │ ├─┬ minimatch@3.0.3
143 silly idealTree │ │ │ └─┬ brace-expansion@1.1.6
143 silly idealTree │ │ │   ├── balanced-match@0.4.2
143 silly idealTree │ │ │   └── concat-map@0.0.1
143 silly idealTree │ │ ├─┬ npmlog@3.1.2
143 silly idealTree │ │ │ ├─┬ are-we-there-yet@1.1.2
143 silly idealTree │ │ │ │ └── delegates@1.0.0
143 silly idealTree │ │ │ ├── console-control-strings@1.1.0
143 silly idealTree │ │ │ ├─┬ gauge@2.6.0
143 silly idealTree │ │ │ │ ├── has-color@0.1.7
143 silly idealTree │ │ │ │ ├── object-assign@4.1.0
143 silly idealTree │ │ │ │ ├── signal-exit@3.0.0
143 silly idealTree │ │ │ │ ├─┬ string-width@1.0.2
143 silly idealTree │ │ │ │ │ ├─┬ code-point-at@1.0.0
143 silly idealTree │ │ │ │ │ │ └── number-is-nan@1.0.0
143 silly idealTree │ │ │ │ │ └─┬ is-fullwidth-code-point@1.0.0
143 silly idealTree │ │ │ │ │   └── number-is-nan@1.0.0
143 silly idealTree │ │ │ │ └── wide-align@1.1.0
143 silly idealTree │ │ │ └── set-blocking@2.0.0
143 silly idealTree │ │ └─┬ path-array@1.0.1
143 silly idealTree │ │   └─┬ array-index@1.0.0
143 silly idealTree │ │     ├─┬ debug@2.2.0
143 silly idealTree │ │     │ └── ms@0.7.1
143 silly idealTree │ │     └─┬ es6-symbol@3.1.0
143 silly idealTree │ │       ├── d@0.1.1
143 silly idealTree │ │       └─┬ es5-ext@0.10.12
143 silly idealTree │ │         └── es6-iterator@2.0.0
143 silly idealTree │ ├── nopt@3.0.6
143 silly idealTree │ ├── normalize-git-url@3.0.2
143 silly idealTree │ ├─┬ normalize-package-data@2.3.5
143 silly idealTree │ │ └─┬ is-builtin-module@1.0.0
143 silly idealTree │ │   └── builtin-modules@1.1.1
143 silly idealTree │ ├── npm-cache-filename@1.0.2
143 silly idealTree │ ├── npm-install-checks@3.0.0
143 silly idealTree │ ├── npm-package-arg@4.2.0
143 silly idealTree │ ├─┬ npm-registry-client@7.2.1
143 silly idealTree │ │ ├─┬ concat-stream@1.5.2
143 silly idealTree │ │ │ ├─┬ readable-stream@2.0.6
143 silly idealTree │ │ │ │ ├── core-util-is@1.0.2
143 silly idealTree │ │ │ │ ├── isarray@1.0.0
143 silly idealTree │ │ │ │ ├── process-nextick-args@1.0.7
143 silly idealTree │ │ │ │ ├── string_decoder@0.10.31
143 silly idealTree │ │ │ │ └── util-deprecate@1.0.2
143 silly idealTree │ │ │ └── typedarray@0.0.6
143 silly idealTree │ │ ├─┬ npmlog@3.1.2
143 silly idealTree │ │ │ ├─┬ are-we-there-yet@1.1.2
143 silly idealTree │ │ │ │ └── delegates@1.0.0
143 silly idealTree │ │ │ ├── console-control-strings@1.1.0
143 silly idealTree │ │ │ ├─┬ gauge@2.6.0
143 silly idealTree │ │ │ │ ├── has-color@0.1.7
143 silly idealTree │ │ │ │ ├── object-assign@4.1.0
143 silly idealTree │ │ │ │ ├── signal-exit@3.0.0
143 silly idealTree │ │ │ │ ├─┬ string-width@1.0.2
143 silly idealTree │ │ │ │ │ ├─┬ code-point-at@1.0.0
143 silly idealTree │ │ │ │ │ │ └── number-is-nan@1.0.0
143 silly idealTree │ │ │ │ │ └─┬ is-fullwidth-code-point@1.0.0
143 silly idealTree │ │ │ │ │   └── number-is-nan@1.0.0
143 silly idealTree │ │ │ │ └── wide-align@1.1.0
143 silly idealTree │ │ │ └── set-blocking@2.0.0
143 silly idealTree │ │ └── retry@0.10.0
143 silly idealTree │ ├── npm-user-validate@0.1.5
143 silly idealTree │ ├─┬ npmlog@4.0.0
143 silly idealTree │ │ ├─┬ are-we-there-yet@1.1.2
143 silly idealTree │ │ │ └── delegates@1.0.0
143 silly idealTree │ │ ├── console-control-strings@1.1.0
143 silly idealTree │ │ ├─┬ gauge@2.6.0
143 silly idealTree │ │ │ ├── has-color@0.1.7
143 silly idealTree │ │ │ ├── object-assign@4.1.0
143 silly idealTree │ │ │ ├── signal-exit@3.0.0
143 silly idealTree │ │ │ ├─┬ string-width@1.0.2
143 silly idealTree │ │ │ │ ├─┬ code-point-at@1.0.0
143 silly idealTree │ │ │ │ │ └── number-is-nan@1.0.0
143 silly idealTree │ │ │ │ └─┬ is-fullwidth-code-point@1.0.0
143 silly idealTree │ │ │ │   └── number-is-nan@1.0.0
143 silly idealTree │ │ │ └── wide-align@1.1.0
143 silly idealTree │ │ └── set-blocking@2.0.0
143 silly idealTree │ ├── once@1.4.0
143 silly idealTree │ ├── opener@1.4.2
143 silly idealTree │ ├─┬ osenv@0.1.3
143 silly idealTree │ │ ├── os-homedir@1.0.1
143 silly idealTree │ │ └── os-tmpdir@1.0.1
143 silly idealTree │ ├── path-is-inside@1.0.2
143 silly idealTree │ ├── read-cmd-shim@1.0.1
143 silly idealTree │ ├─┬ read-installed@4.0.3
143 silly idealTree │ │ └── util-extend@1.0.3
143 silly idealTree │ ├─┬ read-package-json@2.0.4
143 silly idealTree │ │ ├─┬ glob@6.0.4
143 silly idealTree │ │ │ ├─┬ minimatch@3.0.3
143 silly idealTree │ │ │ │ └─┬ brace-expansion@1.1.6
143 silly idealTree │ │ │ │   ├── balanced-match@0.4.2
143 silly idealTree │ │ │ │   └── concat-map@0.0.1
143 silly idealTree │ │ │ └── path-is-absolute@1.0.0
143 silly idealTree │ │ └─┬ json-parse-helpfulerror@1.0.3
143 silly idealTree │ │   └── jju@1.3.0
143 silly idealTree │ ├── read-package-tree@5.1.5
143 silly idealTree │ ├─┬ read@1.0.7
143 silly idealTree │ │ └── mute-stream@0.0.5
143 silly idealTree │ ├─┬ readable-stream@2.1.5
143 silly idealTree │ │ ├── buffer-shims@1.0.0
143 silly idealTree │ │ ├── core-util-is@1.0.2
143 silly idealTree │ │ ├── isarray@1.0.0
143 silly idealTree │ │ ├── process-nextick-args@1.0.7
143 silly idealTree │ │ ├── string_decoder@0.10.31
143 silly idealTree │ │ └── util-deprecate@1.0.2
143 silly idealTree │ ├── readdir-scoped-modules@1.0.2
143 silly idealTree │ ├── realize-package-specifier@3.0.3
143 silly idealTree │ ├─┬ request@2.75.0
143 silly idealTree │ │ ├── aws-sign2@0.6.0
143 silly idealTree │ │ ├── aws4@1.4.1
143 silly idealTree │ │ ├─┬ bl@1.1.2
143 silly idealTree │ │ │ └─┬ readable-stream@2.0.6
143 silly idealTree │ │ │   ├── core-util-is@1.0.2
143 silly idealTree │ │ │   ├── isarray@1.0.0
143 silly idealTree │ │ │   ├── process-nextick-args@1.0.7
143 silly idealTree │ │ │   ├── string_decoder@0.10.31
143 silly idealTree │ │ │   └── util-deprecate@1.0.2
143 silly idealTree │ │ ├── caseless@0.11.0
143 silly idealTree │ │ ├─┬ combined-stream@1.0.5
143 silly idealTree │ │ │ └── delayed-stream@1.0.0
143 silly idealTree │ │ ├── extend@3.0.0
143 silly idealTree │ │ ├── forever-agent@0.6.1
143 silly idealTree │ │ ├─┬ form-data@2.0.0
143 silly idealTree │ │ │ └── asynckit@0.4.0
143 silly idealTree │ │ ├─┬ har-validator@2.0.6
143 silly idealTree │ │ │ ├─┬ chalk@1.1.3
143 silly idealTree │ │ │ │ ├── ansi-styles@2.2.1
143 silly idealTree │ │ │ │ ├── escape-string-regexp@1.0.5
143 silly idealTree │ │ │ │ ├── has-ansi@2.0.0
143 silly idealTree │ │ │ │ └── supports-color@2.0.0
143 silly idealTree │ │ │ ├─┬ commander@2.9.0
143 silly idealTree │ │ │ │ └── graceful-readlink@1.0.1
143 silly idealTree │ │ │ ├─┬ is-my-json-valid@2.15.0
143 silly idealTree │ │ │ │ ├── generate-function@2.0.0
143 silly idealTree │ │ │ │ ├─┬ generate-object-property@1.2.0
143 silly idealTree │ │ │ │ │ └── is-property@1.0.2
143 silly idealTree │ │ │ │ ├── jsonpointer@4.0.0
143 silly idealTree │ │ │ │ └── xtend@4.0.1
143 silly idealTree │ │ │ └─┬ pinkie-promise@2.0.1
143 silly idealTree │ │ │   └── pinkie@2.0.4
143 silly idealTree │ │ ├─┬ hawk@3.1.3
143 silly idealTree │ │ │ ├── boom@2.10.1
143 silly idealTree │ │ │ ├── cryptiles@2.0.5
143 silly idealTree │ │ │ ├── hoek@2.16.3
143 silly idealTree │ │ │ └── sntp@1.0.9
143 silly idealTree │ │ ├─┬ http-signature@1.1.1
143 silly idealTree │ │ │ ├── assert-plus@0.2.0
143 silly idealTree │ │ │ ├─┬ jsprim@1.3.1
143 silly idealTree │ │ │ │ ├── extsprintf@1.0.2
143 silly idealTree │ │ │ │ ├── json-schema@0.2.3
143 silly idealTree │ │ │ │ └── verror@1.3.6
143 silly idealTree │ │ │ └─┬ sshpk@1.10.1
143 silly idealTree │ │ │   ├── asn1@0.2.3
143 silly idealTree │ │ │   ├── assert-plus@1.0.0
143 silly idealTree │ │ │   ├── bcrypt-pbkdf@1.0.0
143 silly idealTree │ │ │   ├── dashdash@1.14.0
143 silly idealTree │ │ │   ├── ecc-jsbn@0.1.1
143 silly idealTree │ │ │   ├── getpass@0.1.6
143 silly idealTree │ │ │   ├── jodid25519@1.0.2
143 silly idealTree │ │ │   ├── jsbn@0.1.0
143 silly idealTree │ │ │   └── tweetnacl@0.14.3
143 silly idealTree │ │ ├── is-typedarray@1.0.0
143 silly idealTree │ │ ├── isstream@0.1.2
143 silly idealTree │ │ ├── json-stringify-safe@5.0.1
143 silly idealTree │ │ ├─┬ mime-types@2.1.12
143 silly idealTree │ │ │ └── mime-db@1.24.0
143 silly idealTree │ │ ├── node-uuid@1.4.7
143 silly idealTree │ │ ├── oauth-sign@0.8.2
143 silly idealTree │ │ ├── qs@6.2.1
143 silly idealTree │ │ ├── stringstream@0.0.5
143 silly idealTree │ │ ├── tough-cookie@2.3.1
143 silly idealTree │ │ └── tunnel-agent@0.4.3
143 silly idealTree │ ├── retry@0.10.0
143 silly idealTree │ ├── rimraf@2.5.4
143 silly idealTree │ ├── semver@5.3.0
143 silly idealTree │ ├── sha@2.0.1
143 silly idealTree │ ├── slide@1.1.6
143 silly idealTree │ ├── sorted-object@2.0.1
143 silly idealTree │ ├── strip-ansi@3.0.1
143 silly idealTree │ ├─┬ tar@2.2.1
143 silly idealTree │ │ └── block-stream@0.0.8
143 silly idealTree │ ├── text-table@0.2.0
143 silly idealTree │ ├── uid-number@0.0.6
143 silly idealTree │ ├── umask@1.1.0
143 silly idealTree │ ├─┬ unique-filename@1.1.0
143 silly idealTree │ │ └── unique-slug@2.0.0
143 silly idealTree │ ├── unpipe@1.0.0
143 silly idealTree │ ├─┬ validate-npm-package-license@3.0.1
143 silly idealTree │ │ ├─┬ spdx-correct@1.0.2
143 silly idealTree │ │ │ └── spdx-license-ids@1.2.0
143 silly idealTree │ │ └─┬ spdx-expression-parse@1.0.2
143 silly idealTree │ │   ├── spdx-exceptions@1.0.4
143 silly idealTree │ │   └── spdx-license-ids@1.2.0
143 silly idealTree │ ├─┬ validate-npm-package-name@2.2.2
143 silly idealTree │ │ └── builtins@0.0.7
143 silly idealTree │ ├─┬ which@1.2.11
143 silly idealTree │ │ └── isexe@1.1.2
143 silly idealTree │ ├── wrappy@1.0.2
143 silly idealTree │ └── write-file-atomic@1.2.0
143 silly idealTree ├── npmlog@2.0.4
143 silly idealTree ├── nslog@3.0.0
143 silly idealTree ├── number-is-nan@1.0.1
143 silly idealTree ├── oauth-sign@0.8.2
143 silly idealTree ├── on-finished@2.3.0
143 silly idealTree ├── once@1.4.0
143 silly idealTree ├─┬ optimist@0.6.1
143 silly idealTree │ └── minimist@0.0.10
143 silly idealTree ├── os-homedir@1.0.2
143 silly idealTree ├── os-locale@1.4.0
143 silly idealTree ├── os-tmpdir@1.0.2
143 silly idealTree ├── osenv@0.1.3
143 silly idealTree ├── parseurl@1.3.1
143 silly idealTree ├── path-array@1.0.1
143 silly idealTree ├── path-is-absolute@1.0.1
143 silly idealTree ├── pinkie-promise@2.0.1
143 silly idealTree ├── pinkie@2.0.4
143 silly idealTree ├── prebuild@4.4.0
143 silly idealTree ├── process-nextick-args@1.0.7
143 silly idealTree ├── promise@7.1.1
143 silly idealTree ├── pump@1.0.1
143 silly idealTree ├── punycode@1.4.1
143 silly idealTree ├── qs@6.3.0
143 silly idealTree ├── rc@1.1.6
143 silly idealTree ├── readable-stream@2.0.6
143 silly idealTree ├── regexp-clone@0.0.1
143 silly idealTree ├── repeat-string@1.6.1
143 silly idealTree ├── request@2.78.0
143 silly idealTree ├── require_optional@1.0.0
143 silly idealTree ├── resolve-from@2.0.0
143 silly idealTree ├── right-align@0.1.3
143 silly idealTree ├── rimraf@2.5.4
143 silly idealTree ├── robotjs.zip
143 silly idealTree ├── robotjs@0.4.5
143 silly idealTree ├── semver@5.3.0
143 silly idealTree ├── simple-get@1.4.3
143 silly idealTree ├── simple-mime@0.1.0
143 silly idealTree ├── sliced@1.0.1
143 silly idealTree ├── sntp@1.0.9
143 silly idealTree ├── source-map@0.5.6
143 silly idealTree ├─┬ sshpk@1.10.1
143 silly idealTree │ └── assert-plus@1.0.0
143 silly idealTree ├── statuses@1.3.1
143 silly idealTree ├── string_decoder@0.10.31
143 silly idealTree ├── string-width@1.0.2
143 silly idealTree ├── stringstream@0.0.5
143 silly idealTree ├── strip-ansi@3.0.1
143 silly idealTree ├── strip-json-comments@1.0.4
143 silly idealTree ├── supports-color@2.0.0
143 silly idealTree ├─┬ system-idle-time@0.1.4
143 silly idealTree │ └── nan@1.9.0
143 silly idealTree ├── tar-fs@1.14.0
143 silly idealTree ├── tar-stream@1.5.2
143 silly idealTree ├── tar@2.2.1
143 silly idealTree ├─┬ through2@0.6.5
143 silly idealTree │ ├── isarray@0.0.1
143 silly idealTree │ └── readable-stream@1.0.34
143 silly idealTree ├── tough-cookie@2.3.2
143 silly idealTree ├── tunnel-agent@0.4.3
143 silly idealTree ├── tweetnacl@0.14.3
143 silly idealTree ├─┬ uglify-js@2.7.4
143 silly idealTree │ ├── async@0.2.10
143 silly idealTree │ ├── camelcase@1.2.1
143 silly idealTree │ ├── cliui@2.1.0
143 silly idealTree │ ├── window-size@0.1.0
143 silly idealTree │ └── yargs@3.10.0
143 silly idealTree ├── uglify-to-browserify@1.0.2
143 silly idealTree ├── unpipe@1.0.0
143 silly idealTree ├── unzip-response@1.0.2
143 silly idealTree ├── url-template@2.0.8
143 silly idealTree ├── util-deprecate@1.0.2
143 silly idealTree ├── util-extend@1.0.3
143 silly idealTree ├── utils-merge@1.0.0
143 silly idealTree ├── verror@1.3.6
143 silly idealTree ├── which@1.2.12
143 silly idealTree ├── window-size@0.1.4
143 silly idealTree ├── wordwrap@0.0.2
143 silly idealTree ├── wrap-ansi@2.0.0
143 silly idealTree ├── wrappy@1.0.2
143 silly idealTree ├── xtend@4.0.1
143 silly idealTree ├── y18n@3.2.1
143 silly idealTree └── yargs@3.32.0
144 silly generateActionsToTake Starting
145 silly install generateActionsToTake
146 silly generateActionsToTake Finishing
147 silly diffTrees action count 3
148 silly diffTrees add bindings@1.2.1
149 silly diffTrees add nan@1.9.0
150 silly diffTrees add system-idle-time@0.1.4
151 silly decomposeActions action count 24
152 silly decomposeActions fetch bindings@1.2.1
153 silly decomposeActions extract bindings@1.2.1
154 silly decomposeActions test bindings@1.2.1
155 silly decomposeActions preinstall bindings@1.2.1
156 silly decomposeActions build bindings@1.2.1
157 silly decomposeActions install bindings@1.2.1
158 silly decomposeActions postinstall bindings@1.2.1
159 silly decomposeActions finalize bindings@1.2.1
160 silly decomposeActions fetch nan@1.9.0
161 silly decomposeActions extract nan@1.9.0
162 silly decomposeActions test nan@1.9.0
163 silly decomposeActions preinstall nan@1.9.0
164 silly decomposeActions build nan@1.9.0
165 silly decomposeActions install nan@1.9.0
166 silly decomposeActions postinstall nan@1.9.0
167 silly decomposeActions finalize nan@1.9.0
168 silly decomposeActions fetch system-idle-time@0.1.4
169 silly decomposeActions extract system-idle-time@0.1.4
170 silly decomposeActions test system-idle-time@0.1.4
171 silly decomposeActions preinstall system-idle-time@0.1.4
172 silly decomposeActions build system-idle-time@0.1.4
173 silly decomposeActions install system-idle-time@0.1.4
174 silly decomposeActions postinstall system-idle-time@0.1.4
175 silly decomposeActions finalize system-idle-time@0.1.4
176 silly runTopLevelLifecycles Starting
177 silly executeActions Starting
178 silly install executeActions
179 silly doSerial global-install 0
180 silly doParallel fetch 3
181 verbose correctMkdir /Users/David/.npm/_locks correctMkdir not in flight; initializing
182 verbose lock using /Users/David/.npm/_locks/staging-3a61b4541e6c0b3a.lock for /Users/David/Development/Anonymouse/node_modules/.staging
183 silly doParallel extract 3
184 silly extract bindings@1.2.1
185 silly extract nan@1.9.0
186 silly extract system-idle-time@0.1.4
187 verbose unbuild node_modules/.staging/bindings-5e9b3449
188 verbose unbuild node_modules/.staging/nan-ef73f193
189 verbose unbuild node_modules/.staging/system-idle-time-866bb4da
190 silly gentlyRm /Users/David/Development/Anonymouse/node_modules/.staging/bindings-5e9b3449 is being purged from base /Users/David/Development/Anonymouse
191 verbose gentlyRm don't care about contents; nuking /Users/David/Development/Anonymouse/node_modules/.staging/bindings-5e9b3449
192 silly gentlyRm /Users/David/Development/Anonymouse/node_modules/.staging/nan-ef73f193 is being purged from base /Users/David/Development/Anonymouse
193 verbose gentlyRm don't care about contents; nuking /Users/David/Development/Anonymouse/node_modules/.staging/nan-ef73f193
194 silly gentlyRm /Users/David/Development/Anonymouse/node_modules/.staging/system-idle-time-866bb4da is being purged from base /Users/David/Development/Anonymouse
195 verbose gentlyRm don't care about contents; nuking /Users/David/Development/Anonymouse/node_modules/.staging/system-idle-time-866bb4da
196 verbose tar unpack /Users/David/.npm/bindings/1.2.1/package.tgz
197 verbose tar unpacking to /Users/David/Development/Anonymouse/node_modules/.staging/bindings-5e9b3449
198 silly gentlyRm /Users/David/Development/Anonymouse/node_modules/.staging/bindings-5e9b3449 is being purged
199 verbose gentlyRm don't care about contents; nuking /Users/David/Development/Anonymouse/node_modules/.staging/bindings-5e9b3449
200 verbose tar unpack /Users/David/.npm/nan/1.9.0/package.tgz
201 verbose tar unpacking to /Users/David/Development/Anonymouse/node_modules/.staging/nan-ef73f193
202 silly gentlyRm /Users/David/Development/Anonymouse/node_modules/.staging/nan-ef73f193 is being purged
203 verbose gentlyRm don't care about contents; nuking /Users/David/Development/Anonymouse/node_modules/.staging/nan-ef73f193
204 verbose tar unpack /Users/David/.npm/system-idle-time/0.1.4/package.tgz
205 verbose tar unpacking to /Users/David/Development/Anonymouse/node_modules/.staging/system-idle-time-866bb4da
206 silly gentlyRm /Users/David/Development/Anonymouse/node_modules/.staging/system-idle-time-866bb4da is being purged
207 verbose gentlyRm don't care about contents; nuking /Users/David/Development/Anonymouse/node_modules/.staging/system-idle-time-866bb4da
208 silly gunzTarPerm modes [ '755', '644' ]
209 silly gunzTarPerm modes [ '755', '644' ]
210 silly gunzTarPerm modes [ '755', '644' ]
211 silly gunzTarPerm extractEntry package.json
212 silly gunzTarPerm extractEntry package.json
213 silly gunzTarPerm modified mode [ 'package.json', 436, 420 ]
214 silly gunzTarPerm extractEntry package.json
215 silly gunzTarPerm extractEntry README.md
216 silly gunzTarPerm extractEntry bindings.js
217 silly gunzTarPerm extractEntry README.md
218 silly gunzTarPerm modified mode [ 'README.md', 436, 420 ]
219 silly gunzTarPerm extractEntry .npmignore
220 silly gunzTarPerm extractEntry README.md
221 silly gunzTarPerm extractEntry include_dirs.js
222 silly gunzTarPerm modified mode [ 'include_dirs.js', 436, 420 ]
223 silly gunzTarPerm extractEntry LICENSE.md
224 silly gunzTarPerm modified mode [ 'LICENSE.md', 436, 420 ]
225 silly gunzTarPerm extractEntry .dntrc
226 silly gunzTarPerm modified mode [ '.dntrc', 436, 420 ]
227 silly gunzTarPerm extractEntry appveyor.yml
228 silly gunzTarPerm modified mode [ 'appveyor.yml', 436, 420 ]
229 silly gunzTarPerm extractEntry LICENSE
230 silly gunzTarPerm extractEntry test.js
231 silly gunzTarPerm extractEntry nan.h
232 silly gunzTarPerm modified mode [ 'nan.h', 436, 420 ]
233 silly gunzTarPerm extractEntry nan_implementation_12_inl.h
234 silly gunzTarPerm modified mode [ 'nan_implementation_12_inl.h', 436, 420 ]
235 silly gunzTarPerm extractEntry addon.js
236 silly gunzTarPerm extractEntry src/idle.h
237 silly gunzTarPerm extractEntry nan_implementation_pre_12_inl.h
238 silly gunzTarPerm modified mode [ 'nan_implementation_pre_12_inl.h', 436, 420 ]
239 silly gunzTarPerm extractEntry nan_new.h
240 silly gunzTarPerm modified mode [ 'nan_new.h', 436, 420 ]
241 silly gunzTarPerm extractEntry src/mac/idle.cc
242 silly gunzTarPerm extractEntry src/module.cc
243 silly gunzTarPerm extractEntry nan_string_bytes.h
244 silly gunzTarPerm modified mode [ 'nan_string_bytes.h', 436, 420 ]
245 silly gunzTarPerm extractEntry CHANGELOG.md
246 silly gunzTarPerm modified mode [ 'CHANGELOG.md', 436, 420 ]
247 silly gunzTarPerm extractEntry src/win/delay_load_hook.c
248 silly gunzTarPerm extractEntry src/win/idle.cc
249 silly gentlyRm /Users/David/Development/Anonymouse/node_modules/.staging/bindings-5e9b3449/node_modules is being purged
250 verbose gentlyRm don't care about contents; nuking /Users/David/Development/Anonymouse/node_modules/.staging/bindings-5e9b3449/node_modules
251 silly gunzTarPerm extractEntry tools/node_modules/commander/package.json
252 silly gunzTarPerm modified mode [ 'tools/node_modules/commander/package.json', 436, 420 ]
253 silly gunzTarPerm extractEntry tools/node_modules/commander/LICENSE
254 silly gunzTarPerm modified mode [ 'tools/node_modules/commander/LICENSE', 436, 420 ]
255 silly gunzTarPerm extractEntry binding.gyp
256 silly gunzTarPerm extractEntry tools/node_modules/commander/index.js
257 silly gunzTarPerm modified mode [ 'tools/node_modules/commander/index.js', 436, 420 ]
258 silly gunzTarPerm extractEntry tools/node_modules/commander/History.md
259 silly gunzTarPerm modified mode [ 'tools/node_modules/commander/History.md', 436, 420 ]
260 silly gunzTarPerm extractEntry tools/node_modules/commander/Readme.md
261 silly gunzTarPerm modified mode [ 'tools/node_modules/commander/Readme.md', 436, 420 ]
262 silly gunzTarPerm extractEntry tools/node_modules/commander/node_modules/graceful-readlink/package.json
263 silly gunzTarPerm modified mode [ 'tools/node_modules/commander/node_modules/graceful-readlink/package.json',
263 silly gunzTarPerm   436,
263 silly gunzTarPerm   420 ]
264 silly gunzTarPerm extractEntry tools/node_modules/commander/node_modules/graceful-readlink/.npmignore
265 silly gunzTarPerm modified mode [ 'tools/node_modules/commander/node_modules/graceful-readlink/.npmignore',
265 silly gunzTarPerm   436,
265 silly gunzTarPerm   420 ]
266 silly gunzTarPerm extractEntry tools/node_modules/commander/node_modules/graceful-readlink/README.md
267 silly gunzTarPerm modified mode [ 'tools/node_modules/commander/node_modules/graceful-readlink/README.md',
267 silly gunzTarPerm   436,
267 silly gunzTarPerm   420 ]
268 silly gunzTarPerm extractEntry tools/node_modules/commander/node_modules/graceful-readlink/LICENSE
269 silly gunzTarPerm modified mode [ 'tools/node_modules/commander/node_modules/graceful-readlink/LICENSE',
269 silly gunzTarPerm   436,
269 silly gunzTarPerm   420 ]
270 silly gunzTarPerm extractEntry tools/node_modules/commander/node_modules/graceful-readlink/index.js
271 silly gunzTarPerm modified mode [ 'tools/node_modules/commander/node_modules/graceful-readlink/index.js',
271 silly gunzTarPerm   436,
271 silly gunzTarPerm   420 ]
272 silly gunzTarPerm extractEntry tools/node_modules/commander/node_modules/graceful-readlink/.travis.yml
273 silly gunzTarPerm modified mode [ 'tools/node_modules/commander/node_modules/graceful-readlink/.travis.yml',
273 silly gunzTarPerm   436,
273 silly gunzTarPerm   420 ]
274 silly gunzTarPerm extractEntry tools/node_modules/glob/package.json
275 silly gunzTarPerm modified mode [ 'tools/node_modules/glob/package.json', 436, 420 ]
276 silly gunzTarPerm extractEntry tools/node_modules/glob/README.md
277 silly gunzTarPerm modified mode [ 'tools/node_modules/glob/README.md', 436, 420 ]
278 silly gunzTarPerm extractEntry tools/node_modules/glob/LICENSE
279 silly gunzTarPerm modified mode [ 'tools/node_modules/glob/LICENSE', 436, 420 ]
280 silly gunzTarPerm extractEntry tools/node_modules/glob/common.js
281 silly gunzTarPerm modified mode [ 'tools/node_modules/glob/common.js', 436, 420 ]
282 silly gunzTarPerm extractEntry tools/node_modules/glob/glob.js
283 silly gunzTarPerm modified mode [ 'tools/node_modules/glob/glob.js', 436, 420 ]
284 silly gunzTarPerm extractEntry tools/node_modules/glob/sync.js
285 silly gunzTarPerm modified mode [ 'tools/node_modules/glob/sync.js', 436, 420 ]
286 silly gunzTarPerm extractEntry tools/node_modules/glob/node_modules/inflight/package.json
287 silly gunzTarPerm modified mode [ 'tools/node_modules/glob/node_modules/inflight/package.json',
287 silly gunzTarPerm   436,
287 silly gunzTarPerm   420 ]
288 silly gunzTarPerm extractEntry tools/node_modules/glob/node_modules/inflight/README.md
289 silly gunzTarPerm modified mode [ 'tools/node_modules/glob/node_modules/inflight/README.md',
289 silly gunzTarPerm   436,
289 silly gunzTarPerm   420 ]
290 silly gunzTarPerm extractEntry tools/node_modules/glob/node_modules/inflight/LICENSE
291 silly gunzTarPerm modified mode [ 'tools/node_modules/glob/node_modules/inflight/LICENSE',
291 silly gunzTarPerm   436,
291 silly gunzTarPerm   420 ]
292 silly gunzTarPerm extractEntry tools/node_modules/glob/node_modules/inflight/inflight.js
293 silly gunzTarPerm modified mode [ 'tools/node_modules/glob/node_modules/inflight/inflight.js',
293 silly gunzTarPerm   436,
293 silly gunzTarPerm   420 ]
294 silly gunzTarPerm extractEntry tools/node_modules/glob/node_modules/inflight/test.js
295 silly gunzTarPerm modified mode [ 'tools/node_modules/glob/node_modules/inflight/test.js',
295 silly gunzTarPerm   436,
295 silly gunzTarPerm   420 ]
296 silly gunzTarPerm extractEntry tools/node_modules/glob/node_modules/inflight/.eslintrc
297 silly gunzTarPerm modified mode [ 'tools/node_modules/glob/node_modules/inflight/.eslintrc',
297 silly gunzTarPerm   436,
297 silly gunzTarPerm   420 ]
298 silly gunzTarPerm extractEntry tools/node_modules/glob/node_modules/inflight/node_modules/wrappy/package.json
299 silly gunzTarPerm modified mode [ 'tools/node_modules/glob/node_modules/inflight/node_modules/wrappy/package.json',
299 silly gunzTarPerm   436,
299 silly gunzTarPerm   420 ]
300 silly gunzTarPerm extractEntry tools/node_modules/glob/node_modules/inflight/node_modules/wrappy/README.md
301 silly gunzTarPerm modified mode [ 'tools/node_modules/glob/node_modules/inflight/node_modules/wrappy/README.md',
301 silly gunzTarPerm   436,
301 silly gunzTarPerm   420 ]
302 silly gunzTarPerm extractEntry tools/node_modules/glob/node_modules/inflight/node_modules/wrappy/LICENSE
303 silly gunzTarPerm modified mode [ 'tools/node_modules/glob/node_modules/inflight/node_modules/wrappy/LICENSE',
303 silly gunzTarPerm   436,
303 silly gunzTarPerm   420 ]
304 silly gunzTarPerm extractEntry tools/node_modules/glob/node_modules/inflight/node_modules/wrappy/wrappy.js
305 silly gunzTarPerm modified mode [ 'tools/node_modules/glob/node_modules/inflight/node_modules/wrappy/wrappy.js',
305 silly gunzTarPerm   436,
305 silly gunzTarPerm   420 ]
306 silly gunzTarPerm extractEntry tools/node_modules/glob/node_modules/inflight/node_modules/wrappy/test/basic.js
307 silly gunzTarPerm modified mode [ 'tools/node_modules/glob/node_modules/inflight/node_modules/wrappy/test/basic.js',
307 silly gunzTarPerm   436,
307 silly gunzTarPerm   420 ]
308 silly gunzTarPerm extractEntry tools/node_modules/glob/node_modules/inherits/package.json
309 silly gunzTarPerm modified mode [ 'tools/node_modules/glob/node_modules/inherits/package.json',
309 silly gunzTarPerm   436,
309 silly gunzTarPerm   420 ]
310 silly gunzTarPerm extractEntry tools/node_modules/glob/node_modules/inherits/README.md
311 silly gunzTarPerm modified mode [ 'tools/node_modules/glob/node_modules/inherits/README.md',
311 silly gunzTarPerm   436,
311 silly gunzTarPerm   420 ]
312 silly gunzTarPerm extractEntry tools/node_modules/glob/node_modules/inherits/LICENSE
313 silly gunzTarPerm modified mode [ 'tools/node_modules/glob/node_modules/inherits/LICENSE',
313 silly gunzTarPerm   436,
313 silly gunzTarPerm   420 ]
314 silly gunzTarPerm extractEntry tools/node_modules/glob/node_modules/inherits/inherits.js
315 silly gunzTarPerm modified mode [ 'tools/node_modules/glob/node_modules/inherits/inherits.js',
315 silly gunzTarPerm   436,
315 silly gunzTarPerm   420 ]
316 silly gunzTarPerm extractEntry tools/node_modules/glob/node_modules/inherits/inherits_browser.js
317 silly gunzTarPerm modified mode [ 'tools/node_modules/glob/node_modules/inherits/inherits_browser.js',
317 silly gunzTarPerm   436,
317 silly gunzTarPerm   420 ]
318 silly gunzTarPerm extractEntry tools/node_modules/glob/node_modules/inherits/test.js
319 silly gunzTarPerm modified mode [ 'tools/node_modules/glob/node_modules/inherits/test.js',
319 silly gunzTarPerm   436,
319 silly gunzTarPerm   420 ]
320 silly gunzTarPerm extractEntry tools/node_modules/glob/node_modules/minimatch/package.json
321 silly gunzTarPerm modified mode [ 'tools/node_modules/glob/node_modules/minimatch/package.json',
321 silly gunzTarPerm   436,
321 silly gunzTarPerm   420 ]
322 silly gunzTarPerm extractEntry tools/node_modules/glob/node_modules/minimatch/README.md
323 silly gunzTarPerm modified mode [ 'tools/node_modules/glob/node_modules/minimatch/README.md',
323 silly gunzTarPerm   436,
323 silly gunzTarPerm   420 ]
324 silly gunzTarPerm extractEntry tools/node_modules/glob/node_modules/minimatch/LICENSE
325 silly gunzTarPerm modified mode [ 'tools/node_modules/glob/node_modules/minimatch/LICENSE',
325 silly gunzTarPerm   436,
325 silly gunzTarPerm   420 ]
326 silly gunzTarPerm extractEntry tools/node_modules/glob/node_modules/minimatch/browser.js
327 silly gunzTarPerm modified mode [ 'tools/node_modules/glob/node_modules/minimatch/browser.js',
327 silly gunzTarPerm   436,
327 silly gunzTarPerm   420 ]
328 silly gunzTarPerm extractEntry tools/node_modules/glob/node_modules/minimatch/minimatch.js
329 silly gunzTarPerm modified mode [ 'tools/node_modules/glob/node_modules/minimatch/minimatch.js',
329 silly gunzTarPerm   436,
329 silly gunzTarPerm   420 ]
330 silly gunzTarPerm extractEntry tools/node_modules/glob/node_modules/minimatch/node_modules/brace-expansion/package.json
331 silly gunzTarPerm modified mode [ 'tools/node_modules/glob/node_modules/minimatch/node_modules/brace-expansion/package.json',
331 silly gunzTarPerm   436,
331 silly gunzTarPerm   420 ]
332 silly gunzTarPerm extractEntry tools/node_modules/glob/node_modules/minimatch/node_modules/brace-expansion/.npmignore
333 silly gunzTarPerm modified mode [ 'tools/node_modules/glob/node_modules/minimatch/node_modules/brace-expansion/.npmignore',
333 silly gunzTarPerm   436,
333 silly gunzTarPerm   420 ]
334 silly gunzTarPerm extractEntry tools/node_modules/glob/node_modules/minimatch/node_modules/brace-expansion/README.md
335 silly gunzTarPerm modified mode [ 'tools/node_modules/glob/node_modules/minimatch/node_modules/brace-expansion/README.md',
335 silly gunzTarPerm   436,
335 silly gunzTarPerm   420 ]
336 silly gunzTarPerm extractEntry tools/node_modules/glob/node_modules/minimatch/node_modules/brace-expansion/example.js
337 silly gunzTarPerm modified mode [ 'tools/node_modules/glob/node_modules/minimatch/node_modules/brace-expansion/example.js',
337 silly gunzTarPerm   436,
337 silly gunzTarPerm   420 ]
338 silly gunzTarPerm extractEntry tools/node_modules/glob/node_modules/minimatch/node_modules/brace-expansion/index.js
339 silly gunzTarPerm modified mode [ 'tools/node_modules/glob/node_modules/minimatch/node_modules/brace-expansion/index.js',
339 silly gunzTarPerm   436,
339 silly gunzTarPerm   420 ]
340 silly gunzTarPerm extractEntry tools/node_modules/glob/node_modules/minimatch/node_modules/brace-expansion/.travis.yml
341 silly gunzTarPerm modified mode [ 'tools/node_modules/glob/node_modules/minimatch/node_modules/brace-expansion/.travis.yml',
341 silly gunzTarPerm   436,
341 silly gunzTarPerm   420 ]
342 silly gunzTarPerm extractEntry tools/node_modules/glob/node_modules/minimatch/node_modules/brace-expansion/test/bash-comparison.js
343 silly gunzTarPerm modified mode [ 'tools/node_modules/glob/node_modules/minimatch/node_modules/brace-expansion/test/bash-comparison.js',
343 silly gunzTarPerm   436,
343 silly gunzTarPerm   420 ]
344 silly gunzTarPerm extractEntry tools/node_modules/glob/node_modules/minimatch/node_modules/brace-expansion/test/same-type.js
345 silly gunzTarPerm modified mode [ 'tools/node_modules/glob/node_modules/minimatch/node_modules/brace-expansion/test/same-type.js',
345 silly gunzTarPerm   436,
345 silly gunzTarPerm   420 ]
346 silly gunzTarPerm extractEntry tools/node_modules/glob/node_modules/minimatch/node_modules/brace-expansion/test/dollar.js
347 silly gunzTarPerm modified mode [ 'tools/node_modules/glob/node_modules/minimatch/node_modules/brace-expansion/test/dollar.js',
347 silly gunzTarPerm   436,
347 silly gunzTarPerm   420 ]
348 silly gunzTarPerm extractEntry tools/node_modules/glob/node_modules/minimatch/node_modules/brace-expansion/test/empty-option.js
349 silly gunzTarPerm modified mode [ 'tools/node_modules/glob/node_modules/minimatch/node_modules/brace-expansion/test/empty-option.js',
349 silly gunzTarPerm   436,
349 silly gunzTarPerm   420 ]
350 silly gunzTarPerm extractEntry tools/node_modules/glob/node_modules/minimatch/node_modules/brace-expansion/test/pad.js
351 silly gunzTarPerm modified mode [ 'tools/node_modules/glob/node_modules/minimatch/node_modules/brace-expansion/test/pad.js',
351 silly gunzTarPerm   436,
351 silly gunzTarPerm   420 ]
352 silly gunzTarPerm extractEntry tools/node_modules/glob/node_modules/minimatch/node_modules/brace-expansion/test/order.js
353 silly gunzTarPerm modified mode [ 'tools/node_modules/glob/node_modules/minimatch/node_modules/brace-expansion/test/order.js',
353 silly gunzTarPerm   436,
353 silly gunzTarPerm   420 ]
354 silly gunzTarPerm extractEntry tools/node_modules/glob/node_modules/minimatch/node_modules/brace-expansion/test/nested.js
355 silly gunzTarPerm modified mode [ 'tools/node_modules/glob/node_modules/minimatch/node_modules/brace-expansion/test/nested.js',
355 silly gunzTarPerm   436,
355 silly gunzTarPerm   420 ]
356 silly gunzTarPerm extractEntry tools/node_modules/glob/node_modules/minimatch/node_modules/brace-expansion/test/sequence.js
357 silly gunzTarPerm modified mode [ 'tools/node_modules/glob/node_modules/minimatch/node_modules/brace-expansion/test/sequence.js',
357 silly gunzTarPerm   436,
357 silly gunzTarPerm   420 ]
358 silly gunzTarPerm extractEntry tools/node_modules/glob/node_modules/minimatch/node_modules/brace-expansion/test/negative-increment.js
359 silly gunzTarPerm modified mode [ 'tools/node_modules/glob/node_modules/minimatch/node_modules/brace-expansion/test/negative-increment.js',
359 silly gunzTarPerm   436,
359 silly gunzTarPerm   420 ]
360 silly gunzTarPerm extractEntry tools/node_modules/glob/node_modules/minimatch/node_modules/brace-expansion/test/bash-results.txt
361 silly gunzTarPerm modified mode [ 'tools/node_modules/glob/node_modules/minimatch/node_modules/brace-expansion/test/bash-results.txt',
361 silly gunzTarPerm   436,
361 silly gunzTarPerm   420 ]
362 silly gunzTarPerm extractEntry tools/node_modules/glob/node_modules/minimatch/node_modules/brace-expansion/test/generate.sh
363 silly gunzTarPerm modified mode [ 'tools/node_modules/glob/node_modules/minimatch/node_modules/brace-expansion/test/generate.sh',
363 silly gunzTarPerm   436,
363 silly gunzTarPerm   420 ]
364 silly gunzTarPerm extractEntry tools/node_modules/glob/node_modules/minimatch/node_modules/brace-expansion/test/cases.txt
365 silly gunzTarPerm modified mode [ 'tools/node_modules/glob/node_modules/minimatch/node_modules/brace-expansion/test/cases.txt',
365 silly gunzTarPerm   436,
365 silly gunzTarPerm   420 ]
366 silly gunzTarPerm extractEntry tools/node_modules/glob/node_modules/minimatch/node_modules/brace-expansion/node_modules/balanced-match/package.json
367 silly gunzTarPerm modified mode [ 'tools/node_modules/glob/node_modules/minimatch/node_modules/brace-expansion/node_modules/balanced-match/package.json',
367 silly gunzTarPerm   436,
367 silly gunzTarPerm   420 ]
368 silly gunzTarPerm extractEntry tools/node_modules/glob/node_modules/minimatch/node_modules/brace-expansion/node_modules/balanced-match/.npmignore
369 silly gunzTarPerm modified mode [ 'tools/node_modules/glob/node_modules/minimatch/node_modules/brace-expansion/node_modules/balanced-match/.npmignore',
369 silly gunzTarPerm   436,
369 silly gunzTarPerm   420 ]
370 silly gunzTarPerm extractEntry tools/node_modules/glob/node_modules/minimatch/node_modules/brace-expansion/node_modules/balanced-match/README.md
371 silly gunzTarPerm modified mode [ 'tools/node_modules/glob/node_modules/minimatch/node_modules/brace-expansion/node_modules/balanced-match/README.md',
371 silly gunzTarPerm   436,
371 silly gunzTarPerm   420 ]
372 silly gunzTarPerm extractEntry tools/node_modules/glob/node_modules/minimatch/node_modules/brace-expansion/node_modules/balanced-match/example.js
373 silly gunzTarPerm modified mode [ 'tools/node_modules/glob/node_modules/minimatch/node_modules/brace-expansion/node_modules/balanced-match/example.js',
373 silly gunzTarPerm   436,
373 silly gunzTarPerm   420 ]
374 silly gunzTarPerm extractEntry tools/node_modules/glob/node_modules/minimatch/node_modules/brace-expansion/node_modules/balanced-match/index.js
375 silly gunzTarPerm modified mode [ 'tools/node_modules/glob/node_modules/minimatch/node_modules/brace-expansion/node_modules/balanced-match/index.js',
375 silly gunzTarPerm   436,
375 silly gunzTarPerm   420 ]
376 silly gunzTarPerm extractEntry tools/node_modules/glob/node_modules/minimatch/node_modules/brace-expansion/node_modules/balanced-match/.travis.yml
377 silly gunzTarPerm modified mode [ 'tools/node_modules/glob/node_modules/minimatch/node_modules/brace-expansion/node_modules/balanced-match/.travis.yml',
377 silly gunzTarPerm   436,
377 silly gunzTarPerm   420 ]
378 silly gunzTarPerm extractEntry tools/node_modules/glob/node_modules/minimatch/node_modules/brace-expansion/node_modules/balanced-match/Makefile
379 silly gunzTarPerm modified mode [ 'tools/node_modules/glob/node_modules/minimatch/node_modules/brace-expansion/node_modules/balanced-match/Makefile',
379 silly gunzTarPerm   436,
379 silly gunzTarPerm   420 ]
380 silly gunzTarPerm extractEntry tools/node_modules/glob/node_modules/minimatch/node_modules/brace-expansion/node_modules/balanced-match/test/balanced.js
381 silly gunzTarPerm modified mode [ 'tools/node_modules/glob/node_modules/minimatch/node_modules/brace-expansion/node_modules/balanced-match/test/balanced.js',
381 silly gunzTarPerm   436,
381 silly gunzTarPerm   420 ]
382 silly gunzTarPerm extractEntry tools/node_modules/glob/node_modules/minimatch/node_modules/brace-expansion/node_modules/concat-map/package.json
383 silly gunzTarPerm modified mode [ 'tools/node_modules/glob/node_modules/minimatch/node_modules/brace-expansion/node_modules/concat-map/package.json',
383 silly gunzTarPerm   436,
383 silly gunzTarPerm   420 ]
384 silly gunzTarPerm extractEntry tools/node_modules/glob/node_modules/minimatch/node_modules/brace-expansion/node_modules/concat-map/LICENSE
385 silly gunzTarPerm modified mode [ 'tools/node_modules/glob/node_modules/minimatch/node_modules/brace-expansion/node_modules/concat-map/LICENSE',
385 silly gunzTarPerm   436,
385 silly gunzTarPerm   420 ]
386 silly gunzTarPerm extractEntry tools/node_modules/glob/node_modules/minimatch/node_modules/brace-expansion/node_modules/concat-map/index.js
387 silly gunzTarPerm modified mode [ 'tools/node_modules/glob/node_modules/minimatch/node_modules/brace-expansion/node_modules/concat-map/index.js',
387 silly gunzTarPerm   436,
387 silly gunzTarPerm   420 ]
388 silly gunzTarPerm extractEntry tools/node_modules/glob/node_modules/minimatch/node_modules/brace-expansion/node_modules/concat-map/.travis.yml
389 silly gunzTarPerm modified mode [ 'tools/node_modules/glob/node_modules/minimatch/node_modules/brace-expansion/node_modules/concat-map/.travis.yml',
389 silly gunzTarPerm   436,
389 silly gunzTarPerm   420 ]
390 silly gunzTarPerm extractEntry tools/node_modules/glob/node_modules/minimatch/node_modules/brace-expansion/node_modules/concat-map/README.markdown
391 silly gunzTarPerm modified mode [ 'tools/node_modules/glob/node_modules/minimatch/node_modules/brace-expansion/node_modules/concat-map/README.markdown',
391 silly gunzTarPerm   436,
391 silly gunzTarPerm   420 ]
392 silly gunzTarPerm extractEntry tools/node_modules/glob/node_modules/minimatch/node_modules/brace-expansion/node_modules/concat-map/example/map.js
393 silly gunzTarPerm modified mode [ 'tools/node_modules/glob/node_modules/minimatch/node_modules/brace-expansion/node_modules/concat-map/example/map.js',
393 silly gunzTarPerm   436,
393 silly gunzTarPerm   420 ]
394 silly gunzTarPerm extractEntry tools/node_modules/glob/node_modules/minimatch/node_modules/brace-expansion/node_modules/concat-map/test/map.js
395 silly gunzTarPerm modified mode [ 'tools/node_modules/glob/node_modules/minimatch/node_modules/brace-expansion/node_modules/concat-map/test/map.js',
395 silly gunzTarPerm   436,
395 silly gunzTarPerm   420 ]
396 silly gunzTarPerm extractEntry tools/node_modules/glob/node_modules/once/package.json
397 silly gunzTarPerm modified mode [ 'tools/node_modules/glob/node_modules/once/package.json',
397 silly gunzTarPerm   436,
397 silly gunzTarPerm   420 ]
398 silly gunzTarPerm extractEntry tools/node_modules/glob/node_modules/once/README.md
399 silly gunzTarPerm modified mode [ 'tools/node_modules/glob/node_modules/once/README.md',
399 silly gunzTarPerm   436,
399 silly gunzTarPerm   420 ]
400 silly gunzTarPerm extractEntry tools/node_modules/glob/node_modules/once/LICENSE
401 silly gunzTarPerm modified mode [ 'tools/node_modules/glob/node_modules/once/LICENSE', 436, 420 ]
402 silly gunzTarPerm extractEntry tools/node_modules/glob/node_modules/once/once.js
403 silly gunzTarPerm modified mode [ 'tools/node_modules/glob/node_modules/once/once.js', 436, 420 ]
404 silly gunzTarPerm extractEntry tools/node_modules/glob/node_modules/once/test/once.js
405 silly gunzTarPerm modified mode [ 'tools/node_modules/glob/node_modules/once/test/once.js',
405 silly gunzTarPerm   436,
405 silly gunzTarPerm   420 ]
406 silly gunzTarPerm extractEntry tools/node_modules/glob/node_modules/once/node_modules/wrappy/package.json
407 silly gunzTarPerm modified mode [ 'tools/node_modules/glob/node_modules/once/node_modules/wrappy/package.json',
407 silly gunzTarPerm   436,
407 silly gunzTarPerm   420 ]
408 silly gunzTarPerm extractEntry tools/node_modules/glob/node_modules/once/node_modules/wrappy/README.md
409 silly gunzTarPerm modified mode [ 'tools/node_modules/glob/node_modules/once/node_modules/wrappy/README.md',
409 silly gunzTarPerm   436,
409 silly gunzTarPerm   420 ]
410 silly gunzTarPerm extractEntry tools/node_modules/glob/node_modules/once/node_modules/wrappy/LICENSE
411 silly gunzTarPerm modified mode [ 'tools/node_modules/glob/node_modules/once/node_modules/wrappy/LICENSE',
411 silly gunzTarPerm   436,
411 silly gunzTarPerm   420 ]
412 silly gunzTarPerm extractEntry tools/node_modules/glob/node_modules/once/node_modules/wrappy/wrappy.js
413 silly gunzTarPerm modified mode [ 'tools/node_modules/glob/node_modules/once/node_modules/wrappy/wrappy.js',
413 silly gunzTarPerm   436,
413 silly gunzTarPerm   420 ]
414 silly gunzTarPerm extractEntry tools/node_modules/glob/node_modules/once/node_modules/wrappy/test/basic.js
415 silly gunzTarPerm modified mode [ 'tools/node_modules/glob/node_modules/once/node_modules/wrappy/test/basic.js',
415 silly gunzTarPerm   436,
415 silly gunzTarPerm   420 ]
416 silly gunzTarPerm extractEntry tools/node_modules/glob/node_modules/path-is-absolute/package.json
417 silly gunzTarPerm modified mode [ 'tools/node_modules/glob/node_modules/path-is-absolute/package.json',
417 silly gunzTarPerm   436,
417 silly gunzTarPerm   420 ]
418 silly gunzTarPerm extractEntry tools/node_modules/glob/node_modules/path-is-absolute/index.js
419 silly gunzTarPerm modified mode [ 'tools/node_modules/glob/node_modules/path-is-absolute/index.js',
419 silly gunzTarPerm   436,
419 silly gunzTarPerm   420 ]
420 silly gunzTarPerm extractEntry tools/node_modules/glob/node_modules/path-is-absolute/license
421 silly gunzTarPerm modified mode [ 'tools/node_modules/glob/node_modules/path-is-absolute/license',
421 silly gunzTarPerm   436,
421 silly gunzTarPerm   420 ]
422 silly gunzTarPerm extractEntry tools/node_modules/glob/node_modules/path-is-absolute/readme.md
423 silly gunzTarPerm modified mode [ 'tools/node_modules/glob/node_modules/path-is-absolute/readme.md',
423 silly gunzTarPerm   436,
423 silly gunzTarPerm   420 ]
424 silly gentlyRm /Users/David/Development/Anonymouse/node_modules/.staging/system-idle-time-866bb4da/node_modules is being purged
425 verbose gentlyRm don't care about contents; nuking /Users/David/Development/Anonymouse/node_modules/.staging/system-idle-time-866bb4da/node_modules
426 silly gentlyRm /Users/David/Development/Anonymouse/node_modules/.staging/nan-ef73f193/node_modules is being purged
427 verbose gentlyRm don't care about contents; nuking /Users/David/Development/Anonymouse/node_modules/.staging/nan-ef73f193/node_modules
428 silly doParallel preinstall 3
429 silly preinstall bindings@1.2.1 /Users/David/Development/Anonymouse/node_modules/.staging/bindings-5e9b3449
430 info lifecycle bindings@1.2.1~preinstall: bindings@1.2.1
431 silly preinstall nan@1.9.0 /Users/David/Development/Anonymouse/node_modules/.staging/nan-ef73f193
432 info lifecycle nan@1.9.0~preinstall: nan@1.9.0
433 silly preinstall system-idle-time@0.1.4 /Users/David/Development/Anonymouse/node_modules/.staging/system-idle-time-866bb4da
434 info lifecycle system-idle-time@0.1.4~preinstall: system-idle-time@0.1.4
435 silly lifecycle bindings@1.2.1~preinstall: no script for preinstall, continuing
436 silly lifecycle nan@1.9.0~preinstall: no script for preinstall, continuing
437 silly lifecycle system-idle-time@0.1.4~preinstall: no script for preinstall, continuing
438 silly doReverseSerial remove 0
439 silly doSerial move 0
440 silly doSerial finalize 3
441 silly finalize /Users/David/Development/Anonymouse/node_modules/bindings
442 silly finalize /Users/David/Development/Anonymouse/node_modules/system-idle-time/node_modules/nan
443 silly finalize /Users/David/Development/Anonymouse/node_modules/system-idle-time
444 silly doSerial build 3
445 silly build bindings@1.2.1
446 info linkStuff bindings@1.2.1
447 silly linkStuff bindings@1.2.1 has /Users/David/Development/Anonymouse/node_modules as its parent node_modules
448 verbose linkBins bindings@1.2.1
449 verbose linkMans bindings@1.2.1
450 silly build nan@1.9.0
451 info linkStuff nan@1.9.0
452 silly linkStuff nan@1.9.0 has /Users/David/Development/Anonymouse/node_modules/system-idle-time/node_modules as its parent node_modules
453 verbose linkBins nan@1.9.0
454 verbose linkMans nan@1.9.0
455 silly build system-idle-time@0.1.4
456 info linkStuff system-idle-time@0.1.4
457 silly linkStuff system-idle-time@0.1.4 has /Users/David/Development/Anonymouse/node_modules as its parent node_modules
458 verbose linkBins system-idle-time@0.1.4
459 verbose linkMans system-idle-time@0.1.4
460 silly doSerial global-link 0
461 silly doParallel update-linked 0
462 silly doSerial install 3
463 silly install bindings@1.2.1 /Users/David/Development/Anonymouse/node_modules/.staging/bindings-5e9b3449
464 info lifecycle bindings@1.2.1~install: bindings@1.2.1
465 silly lifecycle bindings@1.2.1~install: no script for install, continuing
466 silly install nan@1.9.0 /Users/David/Development/Anonymouse/node_modules/.staging/nan-ef73f193
467 info lifecycle nan@1.9.0~install: nan@1.9.0
468 silly lifecycle nan@1.9.0~install: no script for install, continuing
469 silly install system-idle-time@0.1.4 /Users/David/Development/Anonymouse/node_modules/.staging/system-idle-time-866bb4da
470 info lifecycle system-idle-time@0.1.4~install: system-idle-time@0.1.4
471 verbose lifecycle system-idle-time@0.1.4~install: unsafe-perm in lifecycle true
472 verbose lifecycle system-idle-time@0.1.4~install: PATH: /usr/local/lib/node_modules/npm/bin/node-gyp-bin:/Users/David/Development/Anonymouse/node_modules/system-idle-time/node_modules/.bin:/Users/David/Development/Anonymouse/node_modules/.bin:/Library/Frameworks/Python.framework/Versions/3.5/bin:/Users/David/.rvm/gems/ruby-1.9.3-p484/bin:/Users/David/.rvm/gems/ruby-1.9.3-p484@global/bin:/Users/David/.rvm/rubies/ruby-1.9.3-p484/bin:/Library/Frameworks/Python.framework/Versions/2.7/bin:/anaconda/bin:/usr/local/bin:/usr/bin:/bin:/usr/sbin:/sbin:/opt/X11/bin:/usr/local/git/bin:/usr/texbin:/Users/David/.rvm/bin:/Users/David/.rvm/bin
473 verbose lifecycle system-idle-time@0.1.4~install: CWD: /Users/David/Development/Anonymouse/node_modules/system-idle-time
474 silly lifecycle system-idle-time@0.1.4~install: Args: [ '-c', 'node-gyp rebuild' ]
475 silly lifecycle system-idle-time@0.1.4~install: Returned: code: 1  signal: null
476 info lifecycle system-idle-time@0.1.4~install: Failed to exec install script
477 verbose unlock done using /Users/David/.npm/_locks/staging-3a61b4541e6c0b3a.lock for /Users/David/Development/Anonymouse/node_modules/.staging
478 silly rollbackFailedOptional Starting
479 silly rollbackFailedOptional Finishing
480 silly runTopLevelLifecycles Finishing
481 silly install printInstalled
482 verbose stack Error: system-idle-time@0.1.4 install: `node-gyp rebuild`
482 verbose stack Exit status 1
482 verbose stack     at EventEmitter.<anonymous> (/usr/local/lib/node_modules/npm/lib/utils/lifecycle.js:255:16)
482 verbose stack     at emitTwo (events.js:106:13)
482 verbose stack     at EventEmitter.emit (events.js:191:7)
482 verbose stack     at ChildProcess.<anonymous> (/usr/local/lib/node_modules/npm/lib/utils/spawn.js:40:14)
482 verbose stack     at emitTwo (events.js:106:13)
482 verbose stack     at ChildProcess.emit (events.js:191:7)
482 verbose stack     at maybeClose (internal/child_process.js:877:16)
482 verbose stack     at Process.ChildProcess._handle.onexit (internal/child_process.js:226:5)
483 verbose pkgid system-idle-time@0.1.4
484 verbose cwd /Users/David/Development/Anonymouse
485 error Darwin 15.3.0
486 error argv "/usr/local/bin/node" "/usr/local/bin/npm" "install" "system-idle-time"
487 error node v7.0.0
488 error npm  v3.10.8
489 error code ELIFECYCLE
490 error system-idle-time@0.1.4 install: `node-gyp rebuild`
490 error Exit status 1
491 error Failed at the system-idle-time@0.1.4 install script 'node-gyp rebuild'.
491 error Make sure you have the latest version of node.js and npm installed.
491 error If you do, this is most likely a problem with the system-idle-time package,
491 error not with npm itself.
491 error Tell the author that this fails on your system:
491 error     node-gyp rebuild
491 error You can get information on how to open an issue for this project with:
491 error     npm bugs system-idle-time
491 error Or if that isn't available, you can get their info via:
491 error     npm owner ls system-idle-time
491 error There is likely additional logging output above.
492 verbose exit [ 1, true ]
